<?xml version="1.0" encoding="utf-8"?>
<shfbBuild product="Sandcastle Help File Builder" version="1.9.7.0" projectFile="c:\Users\Jon\Test\Projects\NodaTime-1.3.1\NodaTime.shfbproj" started="06/03/2015 14:11:09">
<buildStep step="Initializing">
Finding tools...
Found Sandcastle tools in &#39;C:\Program Files (x86)\Sandcastle\&#39;
</buildStep>
<buildStep step="ValidatingDocumentationSources">
Validating and copying documentation source information
Source: c:\Users\Jon\Test\Projects\NodaTime-1.3.1\src\NodaTime\bin\Release\NodaTime.dll
    Found assembly &#39;c:\Users\Jon\Test\Projects\NodaTime-1.3.1\src\NodaTime\bin\Release\NodaTime.dll&#39;
Source: c:\Users\Jon\Test\Projects\NodaTime-1.3.1\src\NodaTime.Serialization.JsonNet\bin\Release\NodaTime.Serialization.JsonNet.dll
    Found assembly &#39;c:\Users\Jon\Test\Projects\NodaTime-1.3.1\src\NodaTime.Serialization.JsonNet\bin\Release\NodaTime.Serialization.JsonNet.dll&#39;
Source: c:\Users\Jon\Test\Projects\NodaTime-1.3.1\src\NodaTime.Serialization.JsonNet\bin\Release\NodaTime.Serialization.JsonNet.xml
Source: c:\Users\Jon\Test\Projects\NodaTime-1.3.1\src\NodaTime.Testing\bin\Release\NodaTime.Testing.dll
    Found assembly &#39;c:\Users\Jon\Test\Projects\NodaTime-1.3.1\src\NodaTime.Testing\bin\Release\NodaTime.Testing.dll&#39;
Source: c:\Users\Jon\Test\Projects\NodaTime-1.3.1\src\NodaTime.Testing\bin\Release\NodaTime.Testing.xml
Source: c:\Users\Jon\Test\Projects\NodaTime-1.3.1\src\NodaTime\bin\Release\NodaTime.xml

Copying XML comments files
    c:\Users\Jon\Test\Projects\NodaTime-1.3.1\src\NodaTime.Serialization.JsonNet\bin\Release\NodaTime.Serialization.JsonNet.xml -&gt; c:\Users\Jon\Test\Projects\NodaTime-1.3.1\docs\api\Working\NodaTime.Serialization.JsonNet.xml
    c:\Users\Jon\Test\Projects\NodaTime-1.3.1\src\NodaTime.Testing\bin\Release\NodaTime.Testing.xml -&gt; c:\Users\Jon\Test\Projects\NodaTime-1.3.1\docs\api\Working\NodaTime.Testing.xml
    c:\Users\Jon\Test\Projects\NodaTime-1.3.1\src\NodaTime\bin\Release\NodaTime.xml -&gt; c:\Users\Jon\Test\Projects\NodaTime-1.3.1\docs\api\Working\NodaTime.xml
</buildStep>
<buildStep step="GenerateSharedContent">
Generating shared content files (en-US, English (United States))...
    Last step completed in 00:00:00.0777
</buildStep>
<buildStep step="GenerateApiFilter">
Generating API filter for MRefBuilder...
    Last step completed in 00:00:00.0638
</buildStep>
<buildStep step="GenerateReflectionInfo">
Generating reflection information...
[C:\Program Files (x86)\MSBuild\12.0\bin\MSBuild.exe]
  MRefBuilder (v2.7.3.0)
  Copyright &#169; 2006-2013, Microsoft Corporation, All Rights Reserved.
  Portions Copyright &#169; 2006-2013, Eric Woodruff, All Rights Reserved.
  Info: Loaded 3 assemblies for reflection and 1 dependency assemblies.
  Info: Wrote information on 9 namespaces, 71 types, and 892 members
  XslTransform (v2.7.3.0)
  Copyright &#169; 2006-2013, Microsoft Corporation, All Rights Reserved.
  Portions Copyright &#169; 2006-2013, Eric Woodruff, All Rights Reserved.
  Info: Applying XSL transformation &#39;C:\Program Files (x86)\Sandcastle\ProductionTransforms\MergeDuplicates.xsl&#39;.
    Last step completed in 00:00:02.2902
</buildStep>
<buildStep step="GenerateNamespaceSummaries">
Generating namespace summary information...
    Last step completed in 00:00:00.0244
</buildStep>
<buildStep step="ApplyVisibilityProperties">
Applying visibility properties to reflection information file
    10 attribute nodes removed
    50 explicit interface implementations removed
    50 local and base class EII elements removed
    339 inherited member elements removed
    Last step completed in 00:00:00.1115
</buildStep>
<buildStep step="GenerateInheritedDocumentation">
Generating inherited documentation...
[C:\Program Files (x86)\MSBuild\12.0\bin\MSBuild.exe]
Sandcastle Help File Builder, version 1.9.7.0
Copyright &#169; 2006-2013, Eric Woodruff, All Rights Reserved
E-Mail: Eric@EWoodruff.us

Reflection information will be retrieved from &#39;reflection.org&#39;
Inherited documentation will be written to &#39;_InheritedDocs_.xml&#39;
Indexing C:\WINDOWS\Microsoft.NET\Framework\v2.0.50727\en\*.xml
Indexing C:\Program Files (x86)\Reference Assemblies\Microsoft\Framework\v3.0\en\*.xml
Indexing C:\Program Files (x86)\Reference Assemblies\Microsoft\Framework\v3.5\*.xml
Indexing c:\Users\Jon\Test\Projects\NodaTime-1.3.1\docs\api\Working\NodaTime.Serialization.JsonNet.xml
Indexing c:\Users\Jon\Test\Projects\NodaTime-1.3.1\docs\api\Working\NodaTime.Testing.xml
Indexing c:\Users\Jon\Test\Projects\NodaTime-1.3.1\docs\api\Working\NodaTime.xml
Indexed 127741 members in 103 file(s).  3 file(s) to scan for &lt;inheritdoc /&gt; tags.
Merging inherited documentation...


Documentation merged successfully
    Last step completed in 00:00:01.8419
</buildStep>
<buildStep step="TransformReflectionInfo">
Transforming reflection output...
[C:\Program Files (x86)\MSBuild\12.0\bin\MSBuild.exe]
  XslTransform (v2.7.3.0)
  Copyright &#169; 2006-2013, Microsoft Corporation, All Rights Reserved.
  Portions Copyright &#169; 2006-2013, Eric Woodruff, All Rights Reserved.
  Info: Applying XSL transformation &#39;C:\Program Files (x86)\Sandcastle\\ProductionTransforms\ApplyVSDocModel.xsl&#39;.
  Info: Applying XSL transformation &#39;C:\Program Files (x86)\Sandcastle\ProductionTransforms\AddGuidFilenames.xsl&#39;.
  XslTransform (v2.7.3.0)
  Copyright &#169; 2006-2013, Microsoft Corporation, All Rights Reserved.
  Portions Copyright &#169; 2006-2013, Eric Woodruff, All Rights Reserved.
  Info: Applying XSL transformation &#39;C:\Program Files (x86)\Sandcastle\ProductionTransforms\ReflectionToManifest.xsl&#39;.
    Last step completed in 00:00:01.5498
</buildStep>
<buildStep step="ModifyHelpTopicFilenames">
Modifying help topic filenames in reflection information file
    Unique name M_NodaTime_DateTimeZone_Equals_1 generated for M:NodaTime.DateTimeZone.Equals(System.Object)
    Unique name M_NodaTime_DateTimeZone_GetZoneIntervals_1 generated for M:NodaTime.DateTimeZone.GetZoneIntervals(NodaTime.Interval)
    Unique name M_NodaTime_Duration_Equals_1 generated for M:NodaTime.Duration.Equals(System.Object)
    Unique name M_NodaTime_Duration_Multiply_1 generated for M:NodaTime.Duration.Multiply(System.Int64,NodaTime.Duration)
    Unique name M_NodaTime_Duration_op_Multiply_1 generated for M:NodaTime.Duration.op_Multiply(System.Int64,NodaTime.Duration)
    Unique name M_NodaTime_Duration_ToString_1 generated for M:NodaTime.Duration.ToString(System.String,System.IFormatProvider)
    Unique name M_NodaTime_Instant_Equals_1 generated for M:NodaTime.Instant.Equals(System.Object)
    Unique name M_NodaTime_Instant_FromUtc_1 generated for M:NodaTime.Instant.FromUtc(System.Int32,System.Int32,System.Int32,System.Int32,System.Int32,System.Int32)
    Unique name M_NodaTime_Instant_InZone_1 generated for M:NodaTime.Instant.InZone(NodaTime.DateTimeZone,NodaTime.CalendarSystem)
    Unique name M_NodaTime_Instant_Minus_1 generated for M:NodaTime.Instant.Minus(NodaTime.Instant)
    Unique name M_NodaTime_Instant_op_Subtraction_1 generated for M:NodaTime.Instant.op_Subtraction(NodaTime.Instant,NodaTime.Instant)
    Unique name M_NodaTime_Instant_Subtract_1 generated for M:NodaTime.Instant.Subtract(NodaTime.Instant,NodaTime.Instant)
    Unique name M_NodaTime_Instant_ToString_1 generated for M:NodaTime.Instant.ToString(System.String,System.IFormatProvider)
    Unique name M_NodaTime_Instant_WithOffset_1 generated for M:NodaTime.Instant.WithOffset(NodaTime.Offset,NodaTime.CalendarSystem)
    Unique name M_NodaTime_Interval_Equals_1 generated for M:NodaTime.Interval.Equals(System.Object)
    Unique name M_NodaTime_LocalDate__ctor_1 generated for M:NodaTime.LocalDate.#ctor(NodaTime.Calendars.Era,System.Int32,System.Int32,System.Int32,NodaTime.CalendarSystem)
    Unique name M_NodaTime_LocalDate__ctor_2 generated for M:NodaTime.LocalDate.#ctor(System.Int32,System.Int32,System.Int32)
    Unique name M_NodaTime_LocalDate__ctor_3 generated for M:NodaTime.LocalDate.#ctor(System.Int32,System.Int32,System.Int32,NodaTime.CalendarSystem)
    Unique name M_NodaTime_LocalDate_Equals_1 generated for M:NodaTime.LocalDate.Equals(System.Object)
    Unique name M_NodaTime_LocalDate_op_Addition_1 generated for M:NodaTime.LocalDate.op_Addition(NodaTime.LocalDate,NodaTime.Period)
    Unique name M_NodaTime_LocalDate_ToString_1 generated for M:NodaTime.LocalDate.ToString(System.String,System.IFormatProvider)
    Unique name M_NodaTime_LocalDateTime__ctor_1 generated for M:NodaTime.LocalDateTime.#ctor(System.Int32,System.Int32,System.Int32,System.Int32,System.Int32,NodaTime.CalendarSystem)
    Unique name M_NodaTime_LocalDateTime__ctor_2 generated for M:NodaTime.LocalDateTime.#ctor(System.Int32,System.Int32,System.Int32,System.Int32,System.Int32,System.Int32)
    Unique name M_NodaTime_LocalDateTime__ctor_3 generated for M:NodaTime.LocalDateTime.#ctor(System.Int32,System.Int32,System.Int32,System.Int32,System.Int32,System.Int32,NodaTime.CalendarSystem)
    Unique name M_NodaTime_LocalDateTime__ctor_4 generated for M:NodaTime.LocalDateTime.#ctor(System.Int32,System.Int32,System.Int32,System.Int32,System.Int32,System.Int32,System.Int32)
    Unique name M_NodaTime_LocalDateTime__ctor_5 generated for M:NodaTime.LocalDateTime.#ctor(System.Int32,System.Int32,System.Int32,System.Int32,System.Int32,System.Int32,System.Int32,NodaTime.CalendarSystem)
    Unique name M_NodaTime_LocalDateTime__ctor_6 generated for M:NodaTime.LocalDateTime.#ctor(System.Int32,System.Int32,System.Int32,System.Int32,System.Int32,System.Int32,System.Int32,System.Int32)
    Unique name M_NodaTime_LocalDateTime__ctor_7 generated for M:NodaTime.LocalDateTime.#ctor(System.Int32,System.Int32,System.Int32,System.Int32,System.Int32,System.Int32,System.Int32,System.Int32,NodaTime.CalendarSystem)
    Unique name M_NodaTime_LocalDateTime_Equals_1 generated for M:NodaTime.LocalDateTime.Equals(System.Object)
    Unique name M_NodaTime_LocalDateTime_ToString_1 generated for M:NodaTime.LocalDateTime.ToString(System.String,System.IFormatProvider)
    Unique name M_NodaTime_LocalTime__ctor_1 generated for M:NodaTime.LocalTime.#ctor(System.Int32,System.Int32,System.Int32)
    Unique name M_NodaTime_LocalTime__ctor_2 generated for M:NodaTime.LocalTime.#ctor(System.Int32,System.Int32,System.Int32,System.Int32)
    Unique name M_NodaTime_LocalTime__ctor_3 generated for M:NodaTime.LocalTime.#ctor(System.Int32,System.Int32,System.Int32,System.Int32,System.Int32)
    Unique name M_NodaTime_LocalTime_Equals_1 generated for M:NodaTime.LocalTime.Equals(System.Object)
    Unique name M_NodaTime_LocalTime_ToString_1 generated for M:NodaTime.LocalTime.ToString(System.String,System.IFormatProvider)
    Unique name M_NodaTime_Offset_Equals_1 generated for M:NodaTime.Offset.Equals(System.Object)
    Unique name M_NodaTime_Offset_ToString_1 generated for M:NodaTime.Offset.ToString(System.String,System.IFormatProvider)
    Unique name M_NodaTime_OffsetDateTime_Equals_1 generated for M:NodaTime.OffsetDateTime.Equals(System.Object)
    Unique name M_NodaTime_OffsetDateTime_ToString_1 generated for M:NodaTime.OffsetDateTime.ToString(System.String,System.IFormatProvider)
    Unique name M_NodaTime_Period_Between_1 generated for M:NodaTime.Period.Between(NodaTime.LocalDate,NodaTime.LocalDate,NodaTime.PeriodUnits)
    Unique name M_NodaTime_Period_Between_2 generated for M:NodaTime.Period.Between(NodaTime.LocalDateTime,NodaTime.LocalDateTime)
    Unique name M_NodaTime_Period_Between_3 generated for M:NodaTime.Period.Between(NodaTime.LocalDateTime,NodaTime.LocalDateTime,NodaTime.PeriodUnits)
    Unique name M_NodaTime_Period_Between_4 generated for M:NodaTime.Period.Between(NodaTime.LocalTime,NodaTime.LocalTime)
    Unique name M_NodaTime_Period_Between_5 generated for M:NodaTime.Period.Between(NodaTime.LocalTime,NodaTime.LocalTime,NodaTime.PeriodUnits)
    Unique name M_NodaTime_Period_Equals_1 generated for M:NodaTime.Period.Equals(System.Object)
    Unique name M_NodaTime_PeriodBuilder__ctor_1 generated for M:NodaTime.PeriodBuilder.#ctor(NodaTime.Period)
    Unique name M_NodaTime_ZonedDateTime__ctor_1 generated for M:NodaTime.ZonedDateTime.#ctor(NodaTime.Instant,NodaTime.DateTimeZone,NodaTime.CalendarSystem)
    Unique name M_NodaTime_ZonedDateTime__ctor_2 generated for M:NodaTime.ZonedDateTime.#ctor(NodaTime.LocalDateTime,NodaTime.DateTimeZone,NodaTime.Offset)
    Unique name M_NodaTime_ZonedDateTime_Equals_1 generated for M:NodaTime.ZonedDateTime.Equals(System.Object)
    Unique name M_NodaTime_ZonedDateTime_ToString_1 generated for M:NodaTime.ZonedDateTime.ToString(System.String,System.IFormatProvider)
    Unique name M_NodaTime_Serialization_JsonNet_Extensions_ConfigureForNodaTime_1 generated for M:NodaTime.Serialization.JsonNet.Extensions.ConfigureForNodaTime(Newtonsoft.Json.JsonSerializerSettings,NodaTime.IDateTimeZoneProvider)
    Unique name M_NodaTime_Serialization_JsonNet_Extensions_WithIsoIntervalConverter_1 generated for M:NodaTime.Serialization.JsonNet.Extensions.WithIsoIntervalConverter(Newtonsoft.Json.JsonSerializerSettings)
    Unique name M_NodaTime_Serialization_JsonNet_NodaPatternConverter_1__ctor_1 generated for M:NodaTime.Serialization.JsonNet.NodaPatternConverter`1.#ctor(NodaTime.Text.IPattern{`0},System.Action{`0})
    Unique name M_NodaTime_Testing_FakeClock__ctor_1 generated for M:NodaTime.Testing.FakeClock.#ctor(NodaTime.Instant,NodaTime.Duration)
    Unique name M_NodaTime_Testing_FakeClock_FromUtc_1 generated for M:NodaTime.Testing.FakeClock.FromUtc(System.Int32,System.Int32,System.Int32,System.Int32,System.Int32,System.Int32)
    Unique name M_NodaTime_Testing_TimeZones_MultiTransitionDateTimeZone_Builder__ctor_1 generated for M:NodaTime.Testing.TimeZones.MultiTransitionDateTimeZone.Builder.#ctor(System.Int32,System.Int32)
    Unique name M_NodaTime_Testing_TimeZones_MultiTransitionDateTimeZone_Builder__ctor_2 generated for M:NodaTime.Testing.TimeZones.MultiTransitionDateTimeZone.Builder.#ctor(System.Int32,System.Int32,System.String)
    Unique name M_NodaTime_Testing_TimeZones_MultiTransitionDateTimeZone_Builder__ctor_3 generated for M:NodaTime.Testing.TimeZones.MultiTransitionDateTimeZone.Builder.#ctor(System.Int32,System.String)
    Unique name M_NodaTime_Testing_TimeZones_MultiTransitionDateTimeZone_Builder_Add_1 generated for M:NodaTime.Testing.TimeZones.MultiTransitionDateTimeZone.Builder.Add(NodaTime.Instant,System.Int32,System.Int32)
    Unique name M_NodaTime_Testing_TimeZones_MultiTransitionDateTimeZone_Builder_Add_2 generated for M:NodaTime.Testing.TimeZones.MultiTransitionDateTimeZone.Builder.Add(NodaTime.Instant,System.Int32,System.Int32,System.String)
    Unique name M_NodaTime_Testing_TimeZones_SingleTransitionDateTimeZone__ctor_1 generated for M:NodaTime.Testing.TimeZones.SingleTransitionDateTimeZone.#ctor(NodaTime.Instant,NodaTime.Offset,NodaTime.Offset,System.String)
    Unique name M_NodaTime_Testing_TimeZones_SingleTransitionDateTimeZone__ctor_2 generated for M:NodaTime.Testing.TimeZones.SingleTransitionDateTimeZone.#ctor(NodaTime.Instant,System.Int32,System.Int32)
    Unique name M_NodaTime_Text_InvalidPatternException__ctor_1 generated for M:NodaTime.Text.InvalidPatternException.#ctor(System.String)
    Unique name M_NodaTime_Text_LocalDatePattern_Create_1 generated for M:NodaTime.Text.LocalDatePattern.Create(System.String,System.Globalization.CultureInfo,NodaTime.LocalDate)
    Unique name M_NodaTime_Text_LocalDateTimePattern_Create_1 generated for M:NodaTime.Text.LocalDateTimePattern.Create(System.String,System.Globalization.CultureInfo,NodaTime.LocalDateTime)
    Unique name M_NodaTime_Text_LocalTimePattern_Create_1 generated for M:NodaTime.Text.LocalTimePattern.Create(System.String,System.Globalization.CultureInfo,NodaTime.LocalTime)
    Unique name M_NodaTime_Text_UnparsableValueException__ctor_1 generated for M:NodaTime.Text.UnparsableValueException.#ctor(System.String)
    Unique name M_NodaTime_TimeZones_TzdbDateTimeZoneSource__ctor_1 generated for M:NodaTime.TimeZones.TzdbDateTimeZoneSource.#ctor(System.Resources.ResourceSet)
    Unique name M_NodaTime_TimeZones_TzdbDateTimeZoneSource__ctor_2 generated for M:NodaTime.TimeZones.TzdbDateTimeZoneSource.#ctor(System.String)
    Unique name M_NodaTime_TimeZones_TzdbDateTimeZoneSource__ctor_3 generated for M:NodaTime.TimeZones.TzdbDateTimeZoneSource.#ctor(System.String,System.Reflection.Assembly)
    Unique name M_NodaTime_TimeZones_ZoneInterval_Equals_1 generated for M:NodaTime.TimeZones.ZoneInterval.Equals(System.Object)
    Unique name M_NodaTime_Utility_InvalidNodaDataException__ctor_1 generated for M:NodaTime.Utility.InvalidNodaDataException.#ctor(System.String,System.Exception)
    Last step completed in 00:00:00.0988
</buildStep>
<buildStep step="CopyStandardContent">
Copying standard help content...
c:\Users\Jon\Test\Projects\NodaTime-1.3.1\SandcastleStyleTmp\icons\1_404_bullet.gif -&gt; c:\Users\Jon\Test\Projects\NodaTime-1.3.1\docs\api\Working\Output\Website\icons\1_404_bullet.gif
c:\Users\Jon\Test\Projects\NodaTime-1.3.1\SandcastleStyleTmp\icons\2_404_bullet.gif -&gt; c:\Users\Jon\Test\Projects\NodaTime-1.3.1\docs\api\Working\Output\Website\icons\2_404_bullet.gif
c:\Users\Jon\Test\Projects\NodaTime-1.3.1\SandcastleStyleTmp\icons\alert_caution.gif -&gt; c:\Users\Jon\Test\Projects\NodaTime-1.3.1\docs\api\Working\Output\Website\icons\alert_caution.gif
c:\Users\Jon\Test\Projects\NodaTime-1.3.1\SandcastleStyleTmp\icons\alert_note.gif -&gt; c:\Users\Jon\Test\Projects\NodaTime-1.3.1\docs\api\Working\Output\Website\icons\alert_note.gif
c:\Users\Jon\Test\Projects\NodaTime-1.3.1\SandcastleStyleTmp\icons\alert_security.gif -&gt; c:\Users\Jon\Test\Projects\NodaTime-1.3.1\docs\api\Working\Output\Website\icons\alert_security.gif
c:\Users\Jon\Test\Projects\NodaTime-1.3.1\SandcastleStyleTmp\icons\CFW.gif -&gt; c:\Users\Jon\Test\Projects\NodaTime-1.3.1\docs\api\Working\Output\Website\icons\CFW.gif
c:\Users\Jon\Test\Projects\NodaTime-1.3.1\SandcastleStyleTmp\icons\close.gif -&gt; c:\Users\Jon\Test\Projects\NodaTime-1.3.1\docs\api\Working\Output\Website\icons\close.gif
c:\Users\Jon\Test\Projects\NodaTime-1.3.1\SandcastleStyleTmp\icons\favicon.ico -&gt; c:\Users\Jon\Test\Projects\NodaTime-1.3.1\docs\api\Working\Output\Website\icons\favicon.ico
c:\Users\Jon\Test\Projects\NodaTime-1.3.1\SandcastleStyleTmp\icons\footer_slice.gif -&gt; c:\Users\Jon\Test\Projects\NodaTime-1.3.1\docs\api\Working\Output\Website\icons\footer_slice.gif
c:\Users\Jon\Test\Projects\NodaTime-1.3.1\SandcastleStyleTmp\icons\info_icon.gif -&gt; c:\Users\Jon\Test\Projects\NodaTime-1.3.1\docs\api\Working\Output\Website\icons\info_icon.gif
c:\Users\Jon\Test\Projects\NodaTime-1.3.1\SandcastleStyleTmp\icons\note.gif -&gt; c:\Users\Jon\Test\Projects\NodaTime-1.3.1\docs\api\Working\Output\Website\icons\note.gif
c:\Users\Jon\Test\Projects\NodaTime-1.3.1\SandcastleStyleTmp\icons\online_icon.gif -&gt; c:\Users\Jon\Test\Projects\NodaTime-1.3.1\docs\api\Working\Output\Website\icons\online_icon.gif
c:\Users\Jon\Test\Projects\NodaTime-1.3.1\SandcastleStyleTmp\icons\open.gif -&gt; c:\Users\Jon\Test\Projects\NodaTime-1.3.1\docs\api\Working\Output\Website\icons\open.gif
c:\Users\Jon\Test\Projects\NodaTime-1.3.1\SandcastleStyleTmp\icons\pencil.GIF -&gt; c:\Users\Jon\Test\Projects\NodaTime-1.3.1\docs\api\Working\Output\Website\icons\pencil.GIF
c:\Users\Jon\Test\Projects\NodaTime-1.3.1\SandcastleStyleTmp\icons\privclass.gif -&gt; c:\Users\Jon\Test\Projects\NodaTime-1.3.1\docs\api\Working\Output\Website\icons\privclass.gif
c:\Users\Jon\Test\Projects\NodaTime-1.3.1\SandcastleStyleTmp\icons\privdelegate.gif -&gt; c:\Users\Jon\Test\Projects\NodaTime-1.3.1\docs\api\Working\Output\Website\icons\privdelegate.gif
c:\Users\Jon\Test\Projects\NodaTime-1.3.1\SandcastleStyleTmp\icons\privenumeration.gif -&gt; c:\Users\Jon\Test\Projects\NodaTime-1.3.1\docs\api\Working\Output\Website\icons\privenumeration.gif
c:\Users\Jon\Test\Projects\NodaTime-1.3.1\SandcastleStyleTmp\icons\privevent.gif -&gt; c:\Users\Jon\Test\Projects\NodaTime-1.3.1\docs\api\Working\Output\Website\icons\privevent.gif
c:\Users\Jon\Test\Projects\NodaTime-1.3.1\SandcastleStyleTmp\icons\privextension.gif -&gt; c:\Users\Jon\Test\Projects\NodaTime-1.3.1\docs\api\Working\Output\Website\icons\privextension.gif
c:\Users\Jon\Test\Projects\NodaTime-1.3.1\SandcastleStyleTmp\icons\privfield.gif -&gt; c:\Users\Jon\Test\Projects\NodaTime-1.3.1\docs\api\Working\Output\Website\icons\privfield.gif
c:\Users\Jon\Test\Projects\NodaTime-1.3.1\SandcastleStyleTmp\icons\privinterface.gif -&gt; c:\Users\Jon\Test\Projects\NodaTime-1.3.1\docs\api\Working\Output\Website\icons\privinterface.gif
c:\Users\Jon\Test\Projects\NodaTime-1.3.1\SandcastleStyleTmp\icons\privmethod.gif -&gt; c:\Users\Jon\Test\Projects\NodaTime-1.3.1\docs\api\Working\Output\Website\icons\privmethod.gif
c:\Users\Jon\Test\Projects\NodaTime-1.3.1\SandcastleStyleTmp\icons\privproperty.gif -&gt; c:\Users\Jon\Test\Projects\NodaTime-1.3.1\docs\api\Working\Output\Website\icons\privproperty.gif
c:\Users\Jon\Test\Projects\NodaTime-1.3.1\SandcastleStyleTmp\icons\privstructure.gif -&gt; c:\Users\Jon\Test\Projects\NodaTime-1.3.1\docs\api\Working\Output\Website\icons\privstructure.gif
c:\Users\Jon\Test\Projects\NodaTime-1.3.1\SandcastleStyleTmp\icons\protclass.gif -&gt; c:\Users\Jon\Test\Projects\NodaTime-1.3.1\docs\api\Working\Output\Website\icons\protclass.gif
c:\Users\Jon\Test\Projects\NodaTime-1.3.1\SandcastleStyleTmp\icons\protdelegate.gif -&gt; c:\Users\Jon\Test\Projects\NodaTime-1.3.1\docs\api\Working\Output\Website\icons\protdelegate.gif
c:\Users\Jon\Test\Projects\NodaTime-1.3.1\SandcastleStyleTmp\icons\protenumeration.gif -&gt; c:\Users\Jon\Test\Projects\NodaTime-1.3.1\docs\api\Working\Output\Website\icons\protenumeration.gif
c:\Users\Jon\Test\Projects\NodaTime-1.3.1\SandcastleStyleTmp\icons\protevent.gif -&gt; c:\Users\Jon\Test\Projects\NodaTime-1.3.1\docs\api\Working\Output\Website\icons\protevent.gif
c:\Users\Jon\Test\Projects\NodaTime-1.3.1\SandcastleStyleTmp\icons\protextension.gif -&gt; c:\Users\Jon\Test\Projects\NodaTime-1.3.1\docs\api\Working\Output\Website\icons\protextension.gif
c:\Users\Jon\Test\Projects\NodaTime-1.3.1\SandcastleStyleTmp\icons\protfield.gif -&gt; c:\Users\Jon\Test\Projects\NodaTime-1.3.1\docs\api\Working\Output\Website\icons\protfield.gif
c:\Users\Jon\Test\Projects\NodaTime-1.3.1\SandcastleStyleTmp\icons\protinterface.gif -&gt; c:\Users\Jon\Test\Projects\NodaTime-1.3.1\docs\api\Working\Output\Website\icons\protinterface.gif
c:\Users\Jon\Test\Projects\NodaTime-1.3.1\SandcastleStyleTmp\icons\protmethod.gif -&gt; c:\Users\Jon\Test\Projects\NodaTime-1.3.1\docs\api\Working\Output\Website\icons\protmethod.gif
c:\Users\Jon\Test\Projects\NodaTime-1.3.1\SandcastleStyleTmp\icons\protoperator.gif -&gt; c:\Users\Jon\Test\Projects\NodaTime-1.3.1\docs\api\Working\Output\Website\icons\protoperator.gif
c:\Users\Jon\Test\Projects\NodaTime-1.3.1\SandcastleStyleTmp\icons\protproperty.gif -&gt; c:\Users\Jon\Test\Projects\NodaTime-1.3.1\docs\api\Working\Output\Website\icons\protproperty.gif
c:\Users\Jon\Test\Projects\NodaTime-1.3.1\SandcastleStyleTmp\icons\protstructure.gif -&gt; c:\Users\Jon\Test\Projects\NodaTime-1.3.1\docs\api\Working\Output\Website\icons\protstructure.gif
c:\Users\Jon\Test\Projects\NodaTime-1.3.1\SandcastleStyleTmp\icons\pubclass.gif -&gt; c:\Users\Jon\Test\Projects\NodaTime-1.3.1\docs\api\Working\Output\Website\icons\pubclass.gif
c:\Users\Jon\Test\Projects\NodaTime-1.3.1\SandcastleStyleTmp\icons\pubdelegate.gif -&gt; c:\Users\Jon\Test\Projects\NodaTime-1.3.1\docs\api\Working\Output\Website\icons\pubdelegate.gif
c:\Users\Jon\Test\Projects\NodaTime-1.3.1\SandcastleStyleTmp\icons\pubenumeration.gif -&gt; c:\Users\Jon\Test\Projects\NodaTime-1.3.1\docs\api\Working\Output\Website\icons\pubenumeration.gif
c:\Users\Jon\Test\Projects\NodaTime-1.3.1\SandcastleStyleTmp\icons\pubevent.gif -&gt; c:\Users\Jon\Test\Projects\NodaTime-1.3.1\docs\api\Working\Output\Website\icons\pubevent.gif
c:\Users\Jon\Test\Projects\NodaTime-1.3.1\SandcastleStyleTmp\icons\pubextension.gif -&gt; c:\Users\Jon\Test\Projects\NodaTime-1.3.1\docs\api\Working\Output\Website\icons\pubextension.gif
c:\Users\Jon\Test\Projects\NodaTime-1.3.1\SandcastleStyleTmp\icons\pubfield.gif -&gt; c:\Users\Jon\Test\Projects\NodaTime-1.3.1\docs\api\Working\Output\Website\icons\pubfield.gif
c:\Users\Jon\Test\Projects\NodaTime-1.3.1\SandcastleStyleTmp\icons\pubinterface.gif -&gt; c:\Users\Jon\Test\Projects\NodaTime-1.3.1\docs\api\Working\Output\Website\icons\pubinterface.gif
c:\Users\Jon\Test\Projects\NodaTime-1.3.1\SandcastleStyleTmp\icons\pubmethod.gif -&gt; c:\Users\Jon\Test\Projects\NodaTime-1.3.1\docs\api\Working\Output\Website\icons\pubmethod.gif
c:\Users\Jon\Test\Projects\NodaTime-1.3.1\SandcastleStyleTmp\icons\puboperator.gif -&gt; c:\Users\Jon\Test\Projects\NodaTime-1.3.1\docs\api\Working\Output\Website\icons\puboperator.gif
c:\Users\Jon\Test\Projects\NodaTime-1.3.1\SandcastleStyleTmp\icons\pubproperty.gif -&gt; c:\Users\Jon\Test\Projects\NodaTime-1.3.1\docs\api\Working\Output\Website\icons\pubproperty.gif
c:\Users\Jon\Test\Projects\NodaTime-1.3.1\SandcastleStyleTmp\icons\pubstructure.gif -&gt; c:\Users\Jon\Test\Projects\NodaTime-1.3.1\docs\api\Working\Output\Website\icons\pubstructure.gif
c:\Users\Jon\Test\Projects\NodaTime-1.3.1\SandcastleStyleTmp\icons\search.gif -&gt; c:\Users\Jon\Test\Projects\NodaTime-1.3.1\docs\api\Working\Output\Website\icons\search.gif
c:\Users\Jon\Test\Projects\NodaTime-1.3.1\SandcastleStyleTmp\icons\search_bk.gif -&gt; c:\Users\Jon\Test\Projects\NodaTime-1.3.1\docs\api\Working\Output\Website\icons\search_bk.gif
c:\Users\Jon\Test\Projects\NodaTime-1.3.1\SandcastleStyleTmp\icons\security.gif -&gt; c:\Users\Jon\Test\Projects\NodaTime-1.3.1\docs\api\Working\Output\Website\icons\security.gif
c:\Users\Jon\Test\Projects\NodaTime-1.3.1\SandcastleStyleTmp\icons\slMobile.gif -&gt; c:\Users\Jon\Test\Projects\NodaTime-1.3.1\docs\api\Working\Output\Website\icons\slMobile.gif
c:\Users\Jon\Test\Projects\NodaTime-1.3.1\SandcastleStyleTmp\icons\static.gif -&gt; c:\Users\Jon\Test\Projects\NodaTime-1.3.1\docs\api\Working\Output\Website\icons\static.gif
c:\Users\Jon\Test\Projects\NodaTime-1.3.1\SandcastleStyleTmp\icons\tabLeftBG.gif -&gt; c:\Users\Jon\Test\Projects\NodaTime-1.3.1\docs\api\Working\Output\Website\icons\tabLeftBG.gif
c:\Users\Jon\Test\Projects\NodaTime-1.3.1\SandcastleStyleTmp\icons\tabRightBG.gif -&gt; c:\Users\Jon\Test\Projects\NodaTime-1.3.1\docs\api\Working\Output\Website\icons\tabRightBG.gif
c:\Users\Jon\Test\Projects\NodaTime-1.3.1\SandcastleStyleTmp\icons\ui_om_collapse.gif -&gt; c:\Users\Jon\Test\Projects\NodaTime-1.3.1\docs\api\Working\Output\Website\icons\ui_om_collapse.gif
c:\Users\Jon\Test\Projects\NodaTime-1.3.1\SandcastleStyleTmp\icons\ui_om_expand.gif -&gt; c:\Users\Jon\Test\Projects\NodaTime-1.3.1\docs\api\Working\Output\Website\icons\ui_om_expand.gif
c:\Users\Jon\Test\Projects\NodaTime-1.3.1\SandcastleStyleTmp\icons\xna.gif -&gt; c:\Users\Jon\Test\Projects\NodaTime-1.3.1\docs\api\Working\Output\Website\icons\xna.gif
c:\Users\Jon\Test\Projects\NodaTime-1.3.1\SandcastleStyleTmp\scripts\branding.js -&gt; c:\Users\Jon\Test\Projects\NodaTime-1.3.1\docs\api\Working\Output\Website\scripts\branding.js
c:\Users\Jon\Test\Projects\NodaTime-1.3.1\SandcastleStyleTmp\styles\branding-cs-CZ.css -&gt; c:\Users\Jon\Test\Projects\NodaTime-1.3.1\docs\api\Working\Output\Website\styles\branding-cs-CZ.css
c:\Users\Jon\Test\Projects\NodaTime-1.3.1\SandcastleStyleTmp\styles\branding-de-DE.css -&gt; c:\Users\Jon\Test\Projects\NodaTime-1.3.1\docs\api\Working\Output\Website\styles\branding-de-DE.css
c:\Users\Jon\Test\Projects\NodaTime-1.3.1\SandcastleStyleTmp\styles\branding-en-US.css -&gt; c:\Users\Jon\Test\Projects\NodaTime-1.3.1\docs\api\Working\Output\Website\styles\branding-en-US.css
c:\Users\Jon\Test\Projects\NodaTime-1.3.1\SandcastleStyleTmp\styles\branding-es-ES.css -&gt; c:\Users\Jon\Test\Projects\NodaTime-1.3.1\docs\api\Working\Output\Website\styles\branding-es-ES.css
c:\Users\Jon\Test\Projects\NodaTime-1.3.1\SandcastleStyleTmp\styles\branding-fr-FR.css -&gt; c:\Users\Jon\Test\Projects\NodaTime-1.3.1\docs\api\Working\Output\Website\styles\branding-fr-FR.css
c:\Users\Jon\Test\Projects\NodaTime-1.3.1\SandcastleStyleTmp\styles\branding-it-IT.css -&gt; c:\Users\Jon\Test\Projects\NodaTime-1.3.1\docs\api\Working\Output\Website\styles\branding-it-IT.css
c:\Users\Jon\Test\Projects\NodaTime-1.3.1\SandcastleStyleTmp\styles\branding-ja-JP.css -&gt; c:\Users\Jon\Test\Projects\NodaTime-1.3.1\docs\api\Working\Output\Website\styles\branding-ja-JP.css
c:\Users\Jon\Test\Projects\NodaTime-1.3.1\SandcastleStyleTmp\styles\branding-ko-KR.css -&gt; c:\Users\Jon\Test\Projects\NodaTime-1.3.1\docs\api\Working\Output\Website\styles\branding-ko-KR.css
c:\Users\Jon\Test\Projects\NodaTime-1.3.1\SandcastleStyleTmp\styles\branding-pl-PL.css -&gt; c:\Users\Jon\Test\Projects\NodaTime-1.3.1\docs\api\Working\Output\Website\styles\branding-pl-PL.css
c:\Users\Jon\Test\Projects\NodaTime-1.3.1\SandcastleStyleTmp\styles\branding-pt-BR.css -&gt; c:\Users\Jon\Test\Projects\NodaTime-1.3.1\docs\api\Working\Output\Website\styles\branding-pt-BR.css
c:\Users\Jon\Test\Projects\NodaTime-1.3.1\SandcastleStyleTmp\styles\branding-ru-RU.css -&gt; c:\Users\Jon\Test\Projects\NodaTime-1.3.1\docs\api\Working\Output\Website\styles\branding-ru-RU.css
c:\Users\Jon\Test\Projects\NodaTime-1.3.1\SandcastleStyleTmp\styles\branding-tr-TR.css -&gt; c:\Users\Jon\Test\Projects\NodaTime-1.3.1\docs\api\Working\Output\Website\styles\branding-tr-TR.css
c:\Users\Jon\Test\Projects\NodaTime-1.3.1\SandcastleStyleTmp\styles\branding-zh-CN.css -&gt; c:\Users\Jon\Test\Projects\NodaTime-1.3.1\docs\api\Working\Output\Website\styles\branding-zh-CN.css
c:\Users\Jon\Test\Projects\NodaTime-1.3.1\SandcastleStyleTmp\styles\branding-zh-TW.css -&gt; c:\Users\Jon\Test\Projects\NodaTime-1.3.1\docs\api\Working\Output\Website\styles\branding-zh-TW.css
c:\Users\Jon\Test\Projects\NodaTime-1.3.1\SandcastleStyleTmp\styles\branding.css -&gt; c:\Users\Jon\Test\Projects\NodaTime-1.3.1\docs\api\Working\Output\Website\styles\branding.css
Copying help branding...
c:\Users\Jon\Test\Projects\NodaTime-1.3.1\SandcastleStyleTmp\branding\dev10.mshc -&gt; c:\Users\Jon\Test\Projects\NodaTime-1.3.1\docs\api\Working\Output\Website\branding\
c:\Users\Jon\Test\Projects\NodaTime-1.3.1\SandcastleStyleTmp\branding\dev10.mshc -&gt; c:\Users\Jon\Test\Projects\NodaTime-1.3.1\docs\api\Working\branding
    c:\Users\Jon\Test\Projects\NodaTime-1.3.1\SandcastleStyleTmp\branding\dev10.mshc/body.xslt -> c:\Users\Jon\Test\Projects\NodaTime-1.3.1\docs\api\Working\branding\body.xslt
    c:\Users\Jon\Test\Projects\NodaTime-1.3.1\SandcastleStyleTmp\branding\dev10.mshc/head.xslt -> c:\Users\Jon\Test\Projects\NodaTime-1.3.1\docs\api\Working\branding\head.xslt
    c:\Users\Jon\Test\Projects\NodaTime-1.3.1\SandcastleStyleTmp\branding\dev10.mshc/CodeSnippet.xslt -> c:\Users\Jon\Test\Projects\NodaTime-1.3.1\docs\api\Working\branding\CodeSnippet.xslt
    c:\Users\Jon\Test\Projects\NodaTime-1.3.1\SandcastleStyleTmp\branding\dev10.mshc/codesnippet-cs-CZ.xslt -> c:\Users\Jon\Test\Projects\NodaTime-1.3.1\docs\api\Working\branding\codesnippet-cs-CZ.xslt
    c:\Users\Jon\Test\Projects\NodaTime-1.3.1\SandcastleStyleTmp\branding\dev10.mshc/codesnippet-de-DE.xslt -> c:\Users\Jon\Test\Projects\NodaTime-1.3.1\docs\api\Working\branding\codesnippet-de-DE.xslt
    c:\Users\Jon\Test\Projects\NodaTime-1.3.1\SandcastleStyleTmp\branding\dev10.mshc/codesnippet-en-US.xslt -> c:\Users\Jon\Test\Projects\NodaTime-1.3.1\docs\api\Working\branding\codesnippet-en-US.xslt
    c:\Users\Jon\Test\Projects\NodaTime-1.3.1\SandcastleStyleTmp\branding\dev10.mshc/codesnippet-es-ES.xslt -> c:\Users\Jon\Test\Projects\NodaTime-1.3.1\docs\api\Working\branding\codesnippet-es-ES.xslt
    c:\Users\Jon\Test\Projects\NodaTime-1.3.1\SandcastleStyleTmp\branding\dev10.mshc/codesnippet-fr-FR.xslt -> c:\Users\Jon\Test\Projects\NodaTime-1.3.1\docs\api\Working\branding\codesnippet-fr-FR.xslt
    c:\Users\Jon\Test\Projects\NodaTime-1.3.1\SandcastleStyleTmp\branding\dev10.mshc/codesnippet-it-IT.xslt -> c:\Users\Jon\Test\Projects\NodaTime-1.3.1\docs\api\Working\branding\codesnippet-it-IT.xslt
    c:\Users\Jon\Test\Projects\NodaTime-1.3.1\SandcastleStyleTmp\branding\dev10.mshc/codesnippet-ja-JP.xslt -> c:\Users\Jon\Test\Projects\NodaTime-1.3.1\docs\api\Working\branding\codesnippet-ja-JP.xslt
    c:\Users\Jon\Test\Projects\NodaTime-1.3.1\SandcastleStyleTmp\branding\dev10.mshc/codesnippet-ko-KR.xslt -> c:\Users\Jon\Test\Projects\NodaTime-1.3.1\docs\api\Working\branding\codesnippet-ko-KR.xslt
    c:\Users\Jon\Test\Projects\NodaTime-1.3.1\SandcastleStyleTmp\branding\dev10.mshc/codesnippet-pl-PL.xslt -> c:\Users\Jon\Test\Projects\NodaTime-1.3.1\docs\api\Working\branding\codesnippet-pl-PL.xslt
    c:\Users\Jon\Test\Projects\NodaTime-1.3.1\SandcastleStyleTmp\branding\dev10.mshc/codesnippet-pt-BR.xslt -> c:\Users\Jon\Test\Projects\NodaTime-1.3.1\docs\api\Working\branding\codesnippet-pt-BR.xslt
    c:\Users\Jon\Test\Projects\NodaTime-1.3.1\SandcastleStyleTmp\branding\dev10.mshc/codesnippet-ru-RU.xslt -> c:\Users\Jon\Test\Projects\NodaTime-1.3.1\docs\api\Working\branding\codesnippet-ru-RU.xslt
    c:\Users\Jon\Test\Projects\NodaTime-1.3.1\SandcastleStyleTmp\branding\dev10.mshc/codesnippet-tr-TR.xslt -> c:\Users\Jon\Test\Projects\NodaTime-1.3.1\docs\api\Working\branding\codesnippet-tr-TR.xslt
    c:\Users\Jon\Test\Projects\NodaTime-1.3.1\SandcastleStyleTmp\branding\dev10.mshc/codesnippet-zh-CN.xslt -> c:\Users\Jon\Test\Projects\NodaTime-1.3.1\docs\api\Working\branding\codesnippet-zh-CN.xslt
    c:\Users\Jon\Test\Projects\NodaTime-1.3.1\SandcastleStyleTmp\branding\dev10.mshc/codesnippet-zh-TW.xslt -> c:\Users\Jon\Test\Projects\NodaTime-1.3.1\docs\api\Working\branding\codesnippet-zh-TW.xslt
    c:\Users\Jon\Test\Projects\NodaTime-1.3.1\SandcastleStyleTmp\branding\dev10.mshc/Identity.xslt -> c:\Users\Jon\Test\Projects\NodaTime-1.3.1\docs\api\Working\branding\Identity.xslt
    c:\Users\Jon\Test\Projects\NodaTime-1.3.1\SandcastleStyleTmp\branding\dev10.mshc/InstrumentedLink.xslt -> c:\Users\Jon\Test\Projects\NodaTime-1.3.1\docs\api\Working\branding\InstrumentedLink.xslt
    c:\Users\Jon\Test\Projects\NodaTime-1.3.1\SandcastleStyleTmp\branding\dev10.mshc/instrumentedlink-cs-CZ.xslt -> c:\Users\Jon\Test\Projects\NodaTime-1.3.1\docs\api\Working\branding\instrumentedlink-cs-CZ.xslt
    c:\Users\Jon\Test\Projects\NodaTime-1.3.1\SandcastleStyleTmp\branding\dev10.mshc/instrumentedlink-de-DE.xslt -> c:\Users\Jon\Test\Projects\NodaTime-1.3.1\docs\api\Working\branding\instrumentedlink-de-DE.xslt
    c:\Users\Jon\Test\Projects\NodaTime-1.3.1\SandcastleStyleTmp\branding\dev10.mshc/instrumentedlink-en-US.xslt -> c:\Users\Jon\Test\Projects\NodaTime-1.3.1\docs\api\Working\branding\instrumentedlink-en-US.xslt
    c:\Users\Jon\Test\Projects\NodaTime-1.3.1\SandcastleStyleTmp\branding\dev10.mshc/instrumentedlink-es-ES.xslt -> c:\Users\Jon\Test\Projects\NodaTime-1.3.1\docs\api\Working\branding\instrumentedlink-es-ES.xslt
    c:\Users\Jon\Test\Projects\NodaTime-1.3.1\SandcastleStyleTmp\branding\dev10.mshc/instrumentedlink-fr-FR.xslt -> c:\Users\Jon\Test\Projects\NodaTime-1.3.1\docs\api\Working\branding\instrumentedlink-fr-FR.xslt
    c:\Users\Jon\Test\Projects\NodaTime-1.3.1\SandcastleStyleTmp\branding\dev10.mshc/instrumentedlink-it-IT.xslt -> c:\Users\Jon\Test\Projects\NodaTime-1.3.1\docs\api\Working\branding\instrumentedlink-it-IT.xslt
    c:\Users\Jon\Test\Projects\NodaTime-1.3.1\SandcastleStyleTmp\branding\dev10.mshc/instrumentedlink-ja-JP.xslt -> c:\Users\Jon\Test\Projects\NodaTime-1.3.1\docs\api\Working\branding\instrumentedlink-ja-JP.xslt
    c:\Users\Jon\Test\Projects\NodaTime-1.3.1\SandcastleStyleTmp\branding\dev10.mshc/instrumentedlink-ko-KR.xslt -> c:\Users\Jon\Test\Projects\NodaTime-1.3.1\docs\api\Working\branding\instrumentedlink-ko-KR.xslt
    c:\Users\Jon\Test\Projects\NodaTime-1.3.1\SandcastleStyleTmp\branding\dev10.mshc/instrumentedlink-pl-PL.xslt -> c:\Users\Jon\Test\Projects\NodaTime-1.3.1\docs\api\Working\branding\instrumentedlink-pl-PL.xslt
    c:\Users\Jon\Test\Projects\NodaTime-1.3.1\SandcastleStyleTmp\branding\dev10.mshc/instrumentedlink-pt-BR.xslt -> c:\Users\Jon\Test\Projects\NodaTime-1.3.1\docs\api\Working\branding\instrumentedlink-pt-BR.xslt
    c:\Users\Jon\Test\Projects\NodaTime-1.3.1\SandcastleStyleTmp\branding\dev10.mshc/instrumentedlink-ru-RU.xslt -> c:\Users\Jon\Test\Projects\NodaTime-1.3.1\docs\api\Working\branding\instrumentedlink-ru-RU.xslt
    c:\Users\Jon\Test\Projects\NodaTime-1.3.1\SandcastleStyleTmp\branding\dev10.mshc/instrumentedlink-tr-TR.xslt -> c:\Users\Jon\Test\Projects\NodaTime-1.3.1\docs\api\Working\branding\instrumentedlink-tr-TR.xslt
    c:\Users\Jon\Test\Projects\NodaTime-1.3.1\SandcastleStyleTmp\branding\dev10.mshc/instrumentedlink-zh-CN.xslt -> c:\Users\Jon\Test\Projects\NodaTime-1.3.1\docs\api\Working\branding\instrumentedlink-zh-CN.xslt
    c:\Users\Jon\Test\Projects\NodaTime-1.3.1\SandcastleStyleTmp\branding\dev10.mshc/instrumentedlink-zh-TW.xslt -> c:\Users\Jon\Test\Projects\NodaTime-1.3.1\docs\api\Working\branding\instrumentedlink-zh-TW.xslt
    c:\Users\Jon\Test\Projects\NodaTime-1.3.1\SandcastleStyleTmp\branding\dev10.mshc/LanguageSpecificText.xslt -> c:\Users\Jon\Test\Projects\NodaTime-1.3.1\docs\api\Working\branding\LanguageSpecificText.xslt
    c:\Users\Jon\Test\Projects\NodaTime-1.3.1\SandcastleStyleTmp\branding\dev10.mshc/MultiViewTable.xslt -> c:\Users\Jon\Test\Projects\NodaTime-1.3.1\docs\api\Working\branding\MultiViewTable.xslt
    c:\Users\Jon\Test\Projects\NodaTime-1.3.1\SandcastleStyleTmp\branding\dev10.mshc/MultiViewTable-cs-CZ.xslt -> c:\Users\Jon\Test\Projects\NodaTime-1.3.1\docs\api\Working\branding\MultiViewTable-cs-CZ.xslt
    c:\Users\Jon\Test\Projects\NodaTime-1.3.1\SandcastleStyleTmp\branding\dev10.mshc/MultiViewTable-de-DE.xslt -> c:\Users\Jon\Test\Projects\NodaTime-1.3.1\docs\api\Working\branding\MultiViewTable-de-DE.xslt
    c:\Users\Jon\Test\Projects\NodaTime-1.3.1\SandcastleStyleTmp\branding\dev10.mshc/MultiViewTable-en-US.xslt -> c:\Users\Jon\Test\Projects\NodaTime-1.3.1\docs\api\Working\branding\MultiViewTable-en-US.xslt
    c:\Users\Jon\Test\Projects\NodaTime-1.3.1\SandcastleStyleTmp\branding\dev10.mshc/MultiViewTable-es-ES.xslt -> c:\Users\Jon\Test\Projects\NodaTime-1.3.1\docs\api\Working\branding\MultiViewTable-es-ES.xslt
    c:\Users\Jon\Test\Projects\NodaTime-1.3.1\SandcastleStyleTmp\branding\dev10.mshc/MultiViewTable-fr-FR.xslt -> c:\Users\Jon\Test\Projects\NodaTime-1.3.1\docs\api\Working\branding\MultiViewTable-fr-FR.xslt
    c:\Users\Jon\Test\Projects\NodaTime-1.3.1\SandcastleStyleTmp\branding\dev10.mshc/MultiViewTable-it-IT.xslt -> c:\Users\Jon\Test\Projects\NodaTime-1.3.1\docs\api\Working\branding\MultiViewTable-it-IT.xslt
    c:\Users\Jon\Test\Projects\NodaTime-1.3.1\SandcastleStyleTmp\branding\dev10.mshc/MultiViewTable-ja-JP.xslt -> c:\Users\Jon\Test\Projects\NodaTime-1.3.1\docs\api\Working\branding\MultiViewTable-ja-JP.xslt
    c:\Users\Jon\Test\Projects\NodaTime-1.3.1\SandcastleStyleTmp\branding\dev10.mshc/MultiViewTable-ko-KR.xslt -> c:\Users\Jon\Test\Projects\NodaTime-1.3.1\docs\api\Working\branding\MultiViewTable-ko-KR.xslt
    c:\Users\Jon\Test\Projects\NodaTime-1.3.1\SandcastleStyleTmp\branding\dev10.mshc/MultiViewTable-pl-PL.xslt -> c:\Users\Jon\Test\Projects\NodaTime-1.3.1\docs\api\Working\branding\MultiViewTable-pl-PL.xslt
    c:\Users\Jon\Test\Projects\NodaTime-1.3.1\SandcastleStyleTmp\branding\dev10.mshc/MultiViewTable-pt-BR.xslt -> c:\Users\Jon\Test\Projects\NodaTime-1.3.1\docs\api\Working\branding\MultiViewTable-pt-BR.xslt
    c:\Users\Jon\Test\Projects\NodaTime-1.3.1\SandcastleStyleTmp\branding\dev10.mshc/MultiViewTable-ru-RU.xslt -> c:\Users\Jon\Test\Projects\NodaTime-1.3.1\docs\api\Working\branding\MultiViewTable-ru-RU.xslt
    c:\Users\Jon\Test\Projects\NodaTime-1.3.1\SandcastleStyleTmp\branding\dev10.mshc/MultiViewTable-tr-TR.xslt -> c:\Users\Jon\Test\Projects\NodaTime-1.3.1\docs\api\Working\branding\MultiViewTable-tr-TR.xslt
    c:\Users\Jon\Test\Projects\NodaTime-1.3.1\SandcastleStyleTmp\branding\dev10.mshc/MultiViewTable-zh-CN.xslt -> c:\Users\Jon\Test\Projects\NodaTime-1.3.1\docs\api\Working\branding\MultiViewTable-zh-CN.xslt
    c:\Users\Jon\Test\Projects\NodaTime-1.3.1\SandcastleStyleTmp\branding\dev10.mshc/MultiViewTable-zh-TW.xslt -> c:\Users\Jon\Test\Projects\NodaTime-1.3.1\docs\api\Working\branding\MultiViewTable-zh-TW.xslt
    c:\Users\Jon\Test\Projects\NodaTime-1.3.1\SandcastleStyleTmp\branding\dev10.mshc/index.xslt -> c:\Users\Jon\Test\Projects\NodaTime-1.3.1\docs\api\Working\branding\index.xslt
    c:\Users\Jon\Test\Projects\NodaTime-1.3.1\SandcastleStyleTmp\branding\dev10.mshc/index-cs-CZ.xslt -> c:\Users\Jon\Test\Projects\NodaTime-1.3.1\docs\api\Working\branding\index-cs-CZ.xslt
    c:\Users\Jon\Test\Projects\NodaTime-1.3.1\SandcastleStyleTmp\branding\dev10.mshc/index-de-DE.xslt -> c:\Users\Jon\Test\Projects\NodaTime-1.3.1\docs\api\Working\branding\index-de-DE.xslt
    c:\Users\Jon\Test\Projects\NodaTime-1.3.1\SandcastleStyleTmp\branding\dev10.mshc/index-en-US.xslt -> c:\Users\Jon\Test\Projects\NodaTime-1.3.1\docs\api\Working\branding\index-en-US.xslt
    c:\Users\Jon\Test\Projects\NodaTime-1.3.1\SandcastleStyleTmp\branding\dev10.mshc/index-es-ES.xslt -> c:\Users\Jon\Test\Projects\NodaTime-1.3.1\docs\api\Working\branding\index-es-ES.xslt
    c:\Users\Jon\Test\Projects\NodaTime-1.3.1\SandcastleStyleTmp\branding\dev10.mshc/index-fr-FR.xslt -> c:\Users\Jon\Test\Projects\NodaTime-1.3.1\docs\api\Working\branding\index-fr-FR.xslt
    c:\Users\Jon\Test\Projects\NodaTime-1.3.1\SandcastleStyleTmp\branding\dev10.mshc/index-it-IT.xslt -> c:\Users\Jon\Test\Projects\NodaTime-1.3.1\docs\api\Working\branding\index-it-IT.xslt
    c:\Users\Jon\Test\Projects\NodaTime-1.3.1\SandcastleStyleTmp\branding\dev10.mshc/index-ja-JP.xslt -> c:\Users\Jon\Test\Projects\NodaTime-1.3.1\docs\api\Working\branding\index-ja-JP.xslt
    c:\Users\Jon\Test\Projects\NodaTime-1.3.1\SandcastleStyleTmp\branding\dev10.mshc/index-ko-KR.xslt -> c:\Users\Jon\Test\Projects\NodaTime-1.3.1\docs\api\Working\branding\index-ko-KR.xslt
    c:\Users\Jon\Test\Projects\NodaTime-1.3.1\SandcastleStyleTmp\branding\dev10.mshc/index-pl-PL.xslt -> c:\Users\Jon\Test\Projects\NodaTime-1.3.1\docs\api\Working\branding\index-pl-PL.xslt
    c:\Users\Jon\Test\Projects\NodaTime-1.3.1\SandcastleStyleTmp\branding\dev10.mshc/index-pt-BR.xslt -> c:\Users\Jon\Test\Projects\NodaTime-1.3.1\docs\api\Working\branding\index-pt-BR.xslt
    c:\Users\Jon\Test\Projects\NodaTime-1.3.1\SandcastleStyleTmp\branding\dev10.mshc/index-ru-RU.xslt -> c:\Users\Jon\Test\Projects\NodaTime-1.3.1\docs\api\Working\branding\index-ru-RU.xslt
    c:\Users\Jon\Test\Projects\NodaTime-1.3.1\SandcastleStyleTmp\branding\dev10.mshc/index-tr-TR.xslt -> c:\Users\Jon\Test\Projects\NodaTime-1.3.1\docs\api\Working\branding\index-tr-TR.xslt
    c:\Users\Jon\Test\Projects\NodaTime-1.3.1\SandcastleStyleTmp\branding\dev10.mshc/index-zh-CN.xslt -> c:\Users\Jon\Test\Projects\NodaTime-1.3.1\docs\api\Working\branding\index-zh-CN.xslt
    c:\Users\Jon\Test\Projects\NodaTime-1.3.1\SandcastleStyleTmp\branding\dev10.mshc/index-zh-TW.xslt -> c:\Users\Jon\Test\Projects\NodaTime-1.3.1\docs\api\Working\branding\index-zh-TW.xslt
    c:\Users\Jon\Test\Projects\NodaTime-1.3.1\SandcastleStyleTmp\branding\dev10.mshc/search.xslt -> c:\Users\Jon\Test\Projects\NodaTime-1.3.1\docs\api\Working\branding\search.xslt
    c:\Users\Jon\Test\Projects\NodaTime-1.3.1\SandcastleStyleTmp\branding\dev10.mshc/search-cs-CZ.xslt -> c:\Users\Jon\Test\Projects\NodaTime-1.3.1\docs\api\Working\branding\search-cs-CZ.xslt
    c:\Users\Jon\Test\Projects\NodaTime-1.3.1\SandcastleStyleTmp\branding\dev10.mshc/search-de-DE.xslt -> c:\Users\Jon\Test\Projects\NodaTime-1.3.1\docs\api\Working\branding\search-de-DE.xslt
    c:\Users\Jon\Test\Projects\NodaTime-1.3.1\SandcastleStyleTmp\branding\dev10.mshc/search-en-US.xslt -> c:\Users\Jon\Test\Projects\NodaTime-1.3.1\docs\api\Working\branding\search-en-US.xslt
    c:\Users\Jon\Test\Projects\NodaTime-1.3.1\SandcastleStyleTmp\branding\dev10.mshc/search-es-ES.xslt -> c:\Users\Jon\Test\Projects\NodaTime-1.3.1\docs\api\Working\branding\search-es-ES.xslt
    c:\Users\Jon\Test\Projects\NodaTime-1.3.1\SandcastleStyleTmp\branding\dev10.mshc/search-fr-FR.xslt -> c:\Users\Jon\Test\Projects\NodaTime-1.3.1\docs\api\Working\branding\search-fr-FR.xslt
    c:\Users\Jon\Test\Projects\NodaTime-1.3.1\SandcastleStyleTmp\branding\dev10.mshc/search-it-IT.xslt -> c:\Users\Jon\Test\Projects\NodaTime-1.3.1\docs\api\Working\branding\search-it-IT.xslt
    c:\Users\Jon\Test\Projects\NodaTime-1.3.1\SandcastleStyleTmp\branding\dev10.mshc/search-ja-JP.xslt -> c:\Users\Jon\Test\Projects\NodaTime-1.3.1\docs\api\Working\branding\search-ja-JP.xslt
    c:\Users\Jon\Test\Projects\NodaTime-1.3.1\SandcastleStyleTmp\branding\dev10.mshc/search-ko-KR.xslt -> c:\Users\Jon\Test\Projects\NodaTime-1.3.1\docs\api\Working\branding\search-ko-KR.xslt
    c:\Users\Jon\Test\Projects\NodaTime-1.3.1\SandcastleStyleTmp\branding\dev10.mshc/search-pl-PL.xslt -> c:\Users\Jon\Test\Projects\NodaTime-1.3.1\docs\api\Working\branding\search-pl-PL.xslt
    c:\Users\Jon\Test\Projects\NodaTime-1.3.1\SandcastleStyleTmp\branding\dev10.mshc/search-pt-BR.xslt -> c:\Users\Jon\Test\Projects\NodaTime-1.3.1\docs\api\Working\branding\search-pt-BR.xslt
    c:\Users\Jon\Test\Projects\NodaTime-1.3.1\SandcastleStyleTmp\branding\dev10.mshc/search-ru-RU.xslt -> c:\Users\Jon\Test\Projects\NodaTime-1.3.1\docs\api\Working\branding\search-ru-RU.xslt
    c:\Users\Jon\Test\Projects\NodaTime-1.3.1\SandcastleStyleTmp\branding\dev10.mshc/search-tr-TR.xslt -> c:\Users\Jon\Test\Projects\NodaTime-1.3.1\docs\api\Working\branding\search-tr-TR.xslt
    c:\Users\Jon\Test\Projects\NodaTime-1.3.1\SandcastleStyleTmp\branding\dev10.mshc/search-zh-CN.xslt -> c:\Users\Jon\Test\Projects\NodaTime-1.3.1\docs\api\Working\branding\search-zh-CN.xslt
    c:\Users\Jon\Test\Projects\NodaTime-1.3.1\SandcastleStyleTmp\branding\dev10.mshc/search-zh-TW.xslt -> c:\Users\Jon\Test\Projects\NodaTime-1.3.1\docs\api\Working\branding\search-zh-TW.xslt
    c:\Users\Jon\Test\Projects\NodaTime-1.3.1\SandcastleStyleTmp\branding\dev10.mshc/toc.xslt -> c:\Users\Jon\Test\Projects\NodaTime-1.3.1\docs\api\Working\branding\toc.xslt
    c:\Users\Jon\Test\Projects\NodaTime-1.3.1\SandcastleStyleTmp\branding\dev10.mshc/toc-cs-CZ.xslt -> c:\Users\Jon\Test\Projects\NodaTime-1.3.1\docs\api\Working\branding\toc-cs-CZ.xslt
    c:\Users\Jon\Test\Projects\NodaTime-1.3.1\SandcastleStyleTmp\branding\dev10.mshc/toc-de-DE.xslt -> c:\Users\Jon\Test\Projects\NodaTime-1.3.1\docs\api\Working\branding\toc-de-DE.xslt
    c:\Users\Jon\Test\Projects\NodaTime-1.3.1\SandcastleStyleTmp\branding\dev10.mshc/toc-en-US.xslt -> c:\Users\Jon\Test\Projects\NodaTime-1.3.1\docs\api\Working\branding\toc-en-US.xslt
    c:\Users\Jon\Test\Projects\NodaTime-1.3.1\SandcastleStyleTmp\branding\dev10.mshc/toc-es-ES.xslt -> c:\Users\Jon\Test\Projects\NodaTime-1.3.1\docs\api\Working\branding\toc-es-ES.xslt
    c:\Users\Jon\Test\Projects\NodaTime-1.3.1\SandcastleStyleTmp\branding\dev10.mshc/toc-fr-FR.xslt -> c:\Users\Jon\Test\Projects\NodaTime-1.3.1\docs\api\Working\branding\toc-fr-FR.xslt
    c:\Users\Jon\Test\Projects\NodaTime-1.3.1\SandcastleStyleTmp\branding\dev10.mshc/toc-it-IT.xslt -> c:\Users\Jon\Test\Projects\NodaTime-1.3.1\docs\api\Working\branding\toc-it-IT.xslt
    c:\Users\Jon\Test\Projects\NodaTime-1.3.1\SandcastleStyleTmp\branding\dev10.mshc/toc-ja-JP.xslt -> c:\Users\Jon\Test\Projects\NodaTime-1.3.1\docs\api\Working\branding\toc-ja-JP.xslt
    c:\Users\Jon\Test\Projects\NodaTime-1.3.1\SandcastleStyleTmp\branding\dev10.mshc/toc-ko-KR.xslt -> c:\Users\Jon\Test\Projects\NodaTime-1.3.1\docs\api\Working\branding\toc-ko-KR.xslt
    c:\Users\Jon\Test\Projects\NodaTime-1.3.1\SandcastleStyleTmp\branding\dev10.mshc/toc-pl-PL.xslt -> c:\Users\Jon\Test\Projects\NodaTime-1.3.1\docs\api\Working\branding\toc-pl-PL.xslt
    c:\Users\Jon\Test\Projects\NodaTime-1.3.1\SandcastleStyleTmp\branding\dev10.mshc/toc-pt-BR.xslt -> c:\Users\Jon\Test\Projects\NodaTime-1.3.1\docs\api\Working\branding\toc-pt-BR.xslt
    c:\Users\Jon\Test\Projects\NodaTime-1.3.1\SandcastleStyleTmp\branding\dev10.mshc/toc-ru-RU.xslt -> c:\Users\Jon\Test\Projects\NodaTime-1.3.1\docs\api\Working\branding\toc-ru-RU.xslt
    c:\Users\Jon\Test\Projects\NodaTime-1.3.1\SandcastleStyleTmp\branding\dev10.mshc/toc-tr-TR.xslt -> c:\Users\Jon\Test\Projects\NodaTime-1.3.1\docs\api\Working\branding\toc-tr-TR.xslt
    c:\Users\Jon\Test\Projects\NodaTime-1.3.1\SandcastleStyleTmp\branding\dev10.mshc/toc-zh-CN.xslt -> c:\Users\Jon\Test\Projects\NodaTime-1.3.1\docs\api\Working\branding\toc-zh-CN.xslt
    c:\Users\Jon\Test\Projects\NodaTime-1.3.1\SandcastleStyleTmp\branding\dev10.mshc/toc-zh-TW.xslt -> c:\Users\Jon\Test\Projects\NodaTime-1.3.1\docs\api\Working\branding\toc-zh-TW.xslt
c:\Users\Jon\Test\Projects\NodaTime-1.3.1\SandcastleStyleTmp\branding -&gt; c:\Users\Jon\Test\Projects\NodaTime-1.3.1\docs\api\Working\Output\Website\branding\
c:\Users\Jon\Test\Projects\NodaTime-1.3.1\SandcastleStyleTmp\branding -&gt; c:\Users\Jon\Test\Projects\NodaTime-1.3.1\docs\api\Working\branding
    c:\Users\Jon\Test\Projects\NodaTime-1.3.1\SandcastleStyleTmp\branding\branding.xml -> c:\Users\Jon\Test\Projects\NodaTime-1.3.1\docs\api\Working\branding\branding.xml
    c:\Users\Jon\Test\Projects\NodaTime-1.3.1\SandcastleStyleTmp\branding\branding.xslt -> c:\Users\Jon\Test\Projects\NodaTime-1.3.1\docs\api\Working\branding\branding.xslt
    c:\Users\Jon\Test\Projects\NodaTime-1.3.1\SandcastleStyleTmp\branding\branding-cs-CZ.xslt -> c:\Users\Jon\Test\Projects\NodaTime-1.3.1\docs\api\Working\branding\branding-cs-CZ.xslt
    c:\Users\Jon\Test\Projects\NodaTime-1.3.1\SandcastleStyleTmp\branding\branding-de-DE.xslt -> c:\Users\Jon\Test\Projects\NodaTime-1.3.1\docs\api\Working\branding\branding-de-DE.xslt
    c:\Users\Jon\Test\Projects\NodaTime-1.3.1\SandcastleStyleTmp\branding\branding-en-US.xslt -> c:\Users\Jon\Test\Projects\NodaTime-1.3.1\docs\api\Working\branding\branding-en-US.xslt
    c:\Users\Jon\Test\Projects\NodaTime-1.3.1\SandcastleStyleTmp\branding\branding-es-ES.xslt -> c:\Users\Jon\Test\Projects\NodaTime-1.3.1\docs\api\Working\branding\branding-es-ES.xslt
    c:\Users\Jon\Test\Projects\NodaTime-1.3.1\SandcastleStyleTmp\branding\branding-fr-FR.xslt -> c:\Users\Jon\Test\Projects\NodaTime-1.3.1\docs\api\Working\branding\branding-fr-FR.xslt
    c:\Users\Jon\Test\Projects\NodaTime-1.3.1\SandcastleStyleTmp\branding\branding-it-IT.xslt -> c:\Users\Jon\Test\Projects\NodaTime-1.3.1\docs\api\Working\branding\branding-it-IT.xslt
    c:\Users\Jon\Test\Projects\NodaTime-1.3.1\SandcastleStyleTmp\branding\branding-ja-JP.xslt -> c:\Users\Jon\Test\Projects\NodaTime-1.3.1\docs\api\Working\branding\branding-ja-JP.xslt
    c:\Users\Jon\Test\Projects\NodaTime-1.3.1\SandcastleStyleTmp\branding\branding-ko-KR.xslt -> c:\Users\Jon\Test\Projects\NodaTime-1.3.1\docs\api\Working\branding\branding-ko-KR.xslt
    c:\Users\Jon\Test\Projects\NodaTime-1.3.1\SandcastleStyleTmp\branding\branding-pl-PL.xslt -> c:\Users\Jon\Test\Projects\NodaTime-1.3.1\docs\api\Working\branding\branding-pl-PL.xslt
    c:\Users\Jon\Test\Projects\NodaTime-1.3.1\SandcastleStyleTmp\branding\branding-pt-BR.xslt -> c:\Users\Jon\Test\Projects\NodaTime-1.3.1\docs\api\Working\branding\branding-pt-BR.xslt
    c:\Users\Jon\Test\Projects\NodaTime-1.3.1\SandcastleStyleTmp\branding\branding-ru-RU.xslt -> c:\Users\Jon\Test\Projects\NodaTime-1.3.1\docs\api\Working\branding\branding-ru-RU.xslt
    c:\Users\Jon\Test\Projects\NodaTime-1.3.1\SandcastleStyleTmp\branding\branding-tr-TR.xslt -> c:\Users\Jon\Test\Projects\NodaTime-1.3.1\docs\api\Working\branding\branding-tr-TR.xslt
    c:\Users\Jon\Test\Projects\NodaTime-1.3.1\SandcastleStyleTmp\branding\branding-zh-CN.xslt -> c:\Users\Jon\Test\Projects\NodaTime-1.3.1\docs\api\Working\branding\branding-zh-CN.xslt
    c:\Users\Jon\Test\Projects\NodaTime-1.3.1\SandcastleStyleTmp\branding\branding-zh-TW.xslt -> c:\Users\Jon\Test\Projects\NodaTime-1.3.1\docs\api\Working\branding\branding-zh-TW.xslt
    c:\Users\Jon\Test\Projects\NodaTime-1.3.1\SandcastleStyleTmp\branding\ps-body.xslt -> c:\Users\Jon\Test\Projects\NodaTime-1.3.1\docs\api\Working\branding\ps-body.xslt
    c:\Users\Jon\Test\Projects\NodaTime-1.3.1\SandcastleStyleTmp\branding\ps-head.xslt -> c:\Users\Jon\Test\Projects\NodaTime-1.3.1\docs\api\Working\branding\ps-head.xslt
    c:\Users\Jon\Test\Projects\NodaTime-1.3.1\SandcastleStyleTmp\branding\ps-foot.xslt -> c:\Users\Jon\Test\Projects\NodaTime-1.3.1\docs\api\Working\branding\ps-foot.xslt
    c:\Users\Jon\Test\Projects\NodaTime-1.3.1\SandcastleStyleTmp\branding\ps-collapsibleArea.xslt -> c:\Users\Jon\Test\Projects\NodaTime-1.3.1\docs\api\Working\branding\ps-collapsibleArea.xslt
    c:\Users\Jon\Test\Projects\NodaTime-1.3.1\SandcastleStyleTmp\branding\ps-instrumentedLink.xslt -> c:\Users\Jon\Test\Projects\NodaTime-1.3.1\docs\api\Working\branding\ps-instrumentedLink.xslt
    c:\Users\Jon\Test\Projects\NodaTime-1.3.1\SandcastleStyleTmp\branding\ps-languageSpecificText.xslt -> c:\Users\Jon\Test\Projects\NodaTime-1.3.1\docs\api\Working\branding\ps-languageSpecificText.xslt
    c:\Users\Jon\Test\Projects\NodaTime-1.3.1\SandcastleStyleTmp\branding\ps-codesnippet.xslt -> c:\Users\Jon\Test\Projects\NodaTime-1.3.1\docs\api\Working\branding\ps-codesnippet.xslt
    Last step completed in 00:00:00.9449
</buildStep>
<buildStep step="CopyAdditionalContent">
Copying additional content files...
No additional content to copy
    Last step completed in 00:00:00.0000
</buildStep>
<buildStep step="MergeTablesOfContents">
Merging conceptual and additional tables of contents...
    Last step completed in 00:00:00.0000
</buildStep>
<buildStep step="GenerateIntermediateTableOfContents">
Generating intermediate table of contents file...
[C:\Program Files (x86)\MSBuild\12.0\bin\MSBuild.exe]
  XslTransform (v2.7.3.0)
  Copyright &#169; 2006-2013, Microsoft Corporation, All Rights Reserved.
  Portions Copyright &#169; 2006-2013, Eric Woodruff, All Rights Reserved.
  Info: Applying XSL transformation &#39;C:\Program Files (x86)\Sandcastle\\ProductionTransforms\CreateVSToc.xsl&#39;.
Generating conceptual content intermediate TOC file...
    Last step completed in 00:00:00.4868
</buildStep>
<buildStep step="CreateBuildAssemblerConfigs">
Creating Sandcastle configuration files...
    sandcastle.config
    Last step completed in 00:00:00.2362
</buildStep>
<buildStep step="MergeCustomConfigs">
Merging custom build component configurations
c:\Users\Jon\Test\Projects\NodaTime-1.3.1\docs\api\Working\sandcastle.config
    Added configuration for &#39;IntelliSense Component&#39; after &#39;Show Missing Documentation Component&#39; (instance 1)
    Last step completed in 00:00:00.0902
</buildStep>
<buildStep step="BuildReferenceTopics">
Building reference help topics...
[C:\Program Files (x86)\MSBuild\12.0\bin\MSBuild.exe]
  BuildAssembler (v2.7.3.0)
  Copyright &#169; 2006-2013, Microsoft Corporation, All Rights Reserved.
  Portions Copyright &#169; 2006-2013, Eric Woodruff, All Rights Reserved.
  Info: Loading configuration...
  Info: Processing topics...
  Warn: ResolveReferenceLinksComponent2: [T:NodaTime.DateTimeZone] Unknown reference link target &#39;T:NodaTime.TimeZones.IZoneIntervalMap&#39;.
  Warn: ResolveReferenceLinksComponent2: [T:NodaTime.DateTimeZone] Unknown reference link target &#39;T:NodaTime.TimeZones.IZoneIntervalMap&#39;.
  Warn: ResolveReferenceLinksComponent2: [T:NodaTime.DateTimeZone] Unknown reference link target &#39;T:NodaTime.TimeZones.IZoneIntervalMap&#39;.
  Warn: ResolveReferenceLinksComponent2: [M:NodaTime.Serialization.JsonNet.Extensions.ConfigureForNodaTime(Newtonsoft.Json.JsonSerializer,NodaTime.IDateTimeZoneProvider)] Unknown reference link target &#39;T:Newtonsoft.Json.JsonSerializer&#39;.
  Warn: ResolveReferenceLinksComponent2: [M:NodaTime.Serialization.JsonNet.Extensions.ConfigureForNodaTime(Newtonsoft.Json.JsonSerializer,NodaTime.IDateTimeZoneProvider)] Unknown reference link target &#39;T:Newtonsoft.Json.JsonSerializer&#39;.
  Warn: ResolveReferenceLinksComponent2: [M:NodaTime.Serialization.JsonNet.Extensions.ConfigureForNodaTime(Newtonsoft.Json.JsonSerializer,NodaTime.IDateTimeZoneProvider)] Unknown reference link target &#39;T:Newtonsoft.Json.JsonSerializer&#39;.
  Warn: ResolveReferenceLinksComponent2: [M:NodaTime.Serialization.JsonNet.Extensions.ConfigureForNodaTime(Newtonsoft.Json.JsonSerializer,NodaTime.IDateTimeZoneProvider)] Unknown reference link target &#39;T:Newtonsoft.Json.JsonSerializer&#39;.
  Warn: ResolveReferenceLinksComponent2: [M:NodaTime.Serialization.JsonNet.Extensions.ConfigureForNodaTime(Newtonsoft.Json.JsonSerializer,NodaTime.IDateTimeZoneProvider)] Unknown reference link target &#39;T:Newtonsoft.Json.JsonSerializer&#39;.
  Warn: ResolveReferenceLinksComponent2: [M:NodaTime.Serialization.JsonNet.Extensions.ConfigureForNodaTime(Newtonsoft.Json.JsonSerializer,NodaTime.IDateTimeZoneProvider)] Unknown reference link target &#39;T:Newtonsoft.Json.JsonSerializer&#39;.
  Warn: ResolveReferenceLinksComponent2: [M:NodaTime.Serialization.JsonNet.Extensions.ConfigureForNodaTime(Newtonsoft.Json.JsonSerializer,NodaTime.IDateTimeZoneProvider)] Unknown reference link target &#39;T:Newtonsoft.Json.JsonSerializer&#39;.
  Warn: ResolveReferenceLinksComponent2: [M:NodaTime.Serialization.JsonNet.Extensions.ConfigureForNodaTime(Newtonsoft.Json.JsonSerializer,NodaTime.IDateTimeZoneProvider)] Unknown reference link target &#39;T:Newtonsoft.Json.JsonSerializer&#39;.
  Warn: ResolveReferenceLinksComponent2: [M:NodaTime.Serialization.JsonNet.Extensions.ConfigureForNodaTime(Newtonsoft.Json.JsonSerializer,NodaTime.IDateTimeZoneProvider)] Unknown reference link target &#39;T:Newtonsoft.Json.JsonSerializer&#39;.
  Warn: ResolveReferenceLinksComponent2: [M:NodaTime.Serialization.JsonNet.Extensions.ConfigureForNodaTime(Newtonsoft.Json.JsonSerializerSettings,NodaTime.IDateTimeZoneProvider)] Unknown reference link target &#39;T:Newtonsoft.Json.JsonSerializerSettings&#39;.
  Warn: ResolveReferenceLinksComponent2: [M:NodaTime.Serialization.JsonNet.Extensions.ConfigureForNodaTime(Newtonsoft.Json.JsonSerializerSettings,NodaTime.IDateTimeZoneProvider)] Unknown reference link target &#39;T:Newtonsoft.Json.JsonSerializerSettings&#39;.
  Warn: ResolveReferenceLinksComponent2: [M:NodaTime.Serialization.JsonNet.Extensions.ConfigureForNodaTime(Newtonsoft.Json.JsonSerializerSettings,NodaTime.IDateTimeZoneProvider)] Unknown reference link target &#39;T:Newtonsoft.Json.JsonSerializerSettings&#39;.
  Warn: ResolveReferenceLinksComponent2: [M:NodaTime.Serialization.JsonNet.Extensions.ConfigureForNodaTime(Newtonsoft.Json.JsonSerializerSettings,NodaTime.IDateTimeZoneProvider)] Unknown reference link target &#39;T:Newtonsoft.Json.JsonSerializerSettings&#39;.
  Warn: ResolveReferenceLinksComponent2: [M:NodaTime.Serialization.JsonNet.Extensions.ConfigureForNodaTime(Newtonsoft.Json.JsonSerializerSettings,NodaTime.IDateTimeZoneProvider)] Unknown reference link target &#39;T:Newtonsoft.Json.JsonSerializerSettings&#39;.
  Warn: ResolveReferenceLinksComponent2: [M:NodaTime.Serialization.JsonNet.Extensions.ConfigureForNodaTime(Newtonsoft.Json.JsonSerializerSettings,NodaTime.IDateTimeZoneProvider)] Unknown reference link target &#39;T:Newtonsoft.Json.JsonSerializerSettings&#39;.
  Warn: ResolveReferenceLinksComponent2: [M:NodaTime.Serialization.JsonNet.Extensions.ConfigureForNodaTime(Newtonsoft.Json.JsonSerializerSettings,NodaTime.IDateTimeZoneProvider)] Unknown reference link target &#39;T:Newtonsoft.Json.JsonSerializerSettings&#39;.
  Warn: ResolveReferenceLinksComponent2: [M:NodaTime.Serialization.JsonNet.Extensions.ConfigureForNodaTime(Newtonsoft.Json.JsonSerializerSettings,NodaTime.IDateTimeZoneProvider)] Unknown reference link target &#39;T:Newtonsoft.Json.JsonSerializerSettings&#39;.
  Warn: ResolveReferenceLinksComponent2: [M:NodaTime.Serialization.JsonNet.Extensions.ConfigureForNodaTime(Newtonsoft.Json.JsonSerializerSettings,NodaTime.IDateTimeZoneProvider)] Unknown reference link target &#39;T:Newtonsoft.Json.JsonSerializerSettings&#39;.
  Warn: ResolveReferenceLinksComponent2: [M:NodaTime.Serialization.JsonNet.Extensions.WithIsoIntervalConverter(Newtonsoft.Json.JsonSerializer)] Unknown reference link target &#39;T:Newtonsoft.Json.JsonSerializer&#39;.
  Warn: ResolveReferenceLinksComponent2: [M:NodaTime.Serialization.JsonNet.Extensions.WithIsoIntervalConverter(Newtonsoft.Json.JsonSerializer)] Unknown reference link target &#39;T:Newtonsoft.Json.JsonSerializer&#39;.
  Warn: ResolveReferenceLinksComponent2: [M:NodaTime.Serialization.JsonNet.Extensions.WithIsoIntervalConverter(Newtonsoft.Json.JsonSerializer)] Unknown reference link target &#39;T:Newtonsoft.Json.JsonSerializer&#39;.
  Warn: ResolveReferenceLinksComponent2: [M:NodaTime.Serialization.JsonNet.Extensions.WithIsoIntervalConverter(Newtonsoft.Json.JsonSerializer)] Unknown reference link target &#39;T:Newtonsoft.Json.JsonSerializer&#39;.
  Warn: ResolveReferenceLinksComponent2: [M:NodaTime.Serialization.JsonNet.Extensions.WithIsoIntervalConverter(Newtonsoft.Json.JsonSerializer)] Unknown reference link target &#39;T:Newtonsoft.Json.JsonSerializer&#39;.
  Warn: ResolveReferenceLinksComponent2: [M:NodaTime.Serialization.JsonNet.Extensions.WithIsoIntervalConverter(Newtonsoft.Json.JsonSerializer)] Unknown reference link target &#39;T:Newtonsoft.Json.JsonSerializer&#39;.
  Warn: ResolveReferenceLinksComponent2: [M:NodaTime.Serialization.JsonNet.Extensions.WithIsoIntervalConverter(Newtonsoft.Json.JsonSerializer)] Unknown reference link target &#39;T:Newtonsoft.Json.JsonSerializer&#39;.
  Warn: ResolveReferenceLinksComponent2: [M:NodaTime.Serialization.JsonNet.Extensions.WithIsoIntervalConverter(Newtonsoft.Json.JsonSerializer)] Unknown reference link target &#39;T:Newtonsoft.Json.JsonSerializer&#39;.
  Warn: ResolveReferenceLinksComponent2: [M:NodaTime.Serialization.JsonNet.Extensions.WithIsoIntervalConverter(Newtonsoft.Json.JsonSerializer)] Unknown reference link target &#39;T:Newtonsoft.Json.JsonSerializer&#39;.
  Warn: ResolveReferenceLinksComponent2: [M:NodaTime.Serialization.JsonNet.Extensions.WithIsoIntervalConverter(Newtonsoft.Json.JsonSerializerSettings)] Unknown reference link target &#39;T:Newtonsoft.Json.JsonSerializerSettings&#39;.
  Warn: ResolveReferenceLinksComponent2: [M:NodaTime.Serialization.JsonNet.Extensions.WithIsoIntervalConverter(Newtonsoft.Json.JsonSerializerSettings)] Unknown reference link target &#39;T:Newtonsoft.Json.JsonSerializerSettings&#39;.
  Warn: ResolveReferenceLinksComponent2: [M:NodaTime.Serialization.JsonNet.Extensions.WithIsoIntervalConverter(Newtonsoft.Json.JsonSerializerSettings)] Unknown reference link target &#39;T:Newtonsoft.Json.JsonSerializerSettings&#39;.
  Warn: ResolveReferenceLinksComponent2: [M:NodaTime.Serialization.JsonNet.Extensions.WithIsoIntervalConverter(Newtonsoft.Json.JsonSerializerSettings)] Unknown reference link target &#39;T:Newtonsoft.Json.JsonSerializerSettings&#39;.
  Warn: ResolveReferenceLinksComponent2: [M:NodaTime.Serialization.JsonNet.Extensions.WithIsoIntervalConverter(Newtonsoft.Json.JsonSerializerSettings)] Unknown reference link target &#39;T:Newtonsoft.Json.JsonSerializerSettings&#39;.
  Warn: ResolveReferenceLinksComponent2: [M:NodaTime.Serialization.JsonNet.Extensions.WithIsoIntervalConverter(Newtonsoft.Json.JsonSerializerSettings)] Unknown reference link target &#39;T:Newtonsoft.Json.JsonSerializerSettings&#39;.
  Warn: ResolveReferenceLinksComponent2: [M:NodaTime.Serialization.JsonNet.Extensions.WithIsoIntervalConverter(Newtonsoft.Json.JsonSerializerSettings)] Unknown reference link target &#39;T:Newtonsoft.Json.JsonSerializerSettings&#39;.
  Warn: ResolveReferenceLinksComponent2: [M:NodaTime.Serialization.JsonNet.Extensions.WithIsoIntervalConverter(Newtonsoft.Json.JsonSerializerSettings)] Unknown reference link target &#39;T:Newtonsoft.Json.JsonSerializerSettings&#39;.
  Warn: ResolveReferenceLinksComponent2: [M:NodaTime.Serialization.JsonNet.Extensions.WithIsoIntervalConverter(Newtonsoft.Json.JsonSerializerSettings)] Unknown reference link target &#39;T:Newtonsoft.Json.JsonSerializerSettings&#39;.
  Warn: ResolveReferenceLinksComponent2: [T:NodaTime.Serialization.JsonNet.NodaConverterBase`1] Unknown reference link target &#39;T:Newtonsoft.Json.JsonConverter&#39;.
  Warn: ResolveReferenceLinksComponent2: [T:NodaTime.Serialization.JsonNet.NodaConverterBase`1] Unknown reference link target &#39;T:Newtonsoft.Json.JsonConverter&#39;.
  Warn: ResolveReferenceLinksComponent2: [T:NodaTime.Serialization.JsonNet.NodaConverterBase`1] Unknown reference link target &#39;T:Newtonsoft.Json.JsonConverter&#39;.
  Warn: ResolveReferenceLinksComponent2: [T:NodaTime.Serialization.JsonNet.NodaConverterBase`1] Unknown reference link target &#39;T:Newtonsoft.Json.JsonConverter&#39;.
  Warn: ResolveReferenceLinksComponent2: [AllMembers.T:NodaTime.Serialization.JsonNet.NodaConverterBase`1] Unknown reference link target &#39;M:Newtonsoft.Json.JsonConverter.CanConvert(System.Type)&#39;.
  Warn: ResolveReferenceLinksComponent2: [AllMembers.T:NodaTime.Serialization.JsonNet.NodaConverterBase`1] Unknown reference link target &#39;M:Newtonsoft.Json.JsonConverter.GetSchema&#39;.
  Warn: ResolveReferenceLinksComponent2: [AllMembers.T:NodaTime.Serialization.JsonNet.NodaConverterBase`1] Unknown reference link target &#39;T:Newtonsoft.Json.JsonConverter&#39;.
  Warn: ResolveReferenceLinksComponent2: [AllMembers.T:NodaTime.Serialization.JsonNet.NodaConverterBase`1] Unknown reference link target &#39;M:Newtonsoft.Json.JsonConverter.ReadJson(Newtonsoft.Json.JsonReader,System.Type,System.Object,Newtonsoft.Json.JsonSerializer)&#39;.
  Warn: ResolveReferenceLinksComponent2: [AllMembers.T:NodaTime.Serialization.JsonNet.NodaConverterBase`1] Unknown reference link target &#39;M:Newtonsoft.Json.JsonConverter.WriteJson(Newtonsoft.Json.JsonWriter,System.Object,Newtonsoft.Json.JsonSerializer)&#39;.
  Warn: ResolveReferenceLinksComponent2: [AllMembers.T:NodaTime.Serialization.JsonNet.NodaConverterBase`1] Unknown reference link target &#39;P:Newtonsoft.Json.JsonConverter.CanRead&#39;.
  Warn: ResolveReferenceLinksComponent2: [AllMembers.T:NodaTime.Serialization.JsonNet.NodaConverterBase`1] Unknown reference link target &#39;T:Newtonsoft.Json.JsonConverter&#39;.
  Warn: ResolveReferenceLinksComponent2: [AllMembers.T:NodaTime.Serialization.JsonNet.NodaConverterBase`1] Unknown reference link target &#39;P:Newtonsoft.Json.JsonConverter.CanWrite&#39;.
  Warn: ResolveReferenceLinksComponent2: [AllMembers.T:NodaTime.Serialization.JsonNet.NodaConverterBase`1] Unknown reference link target &#39;T:Newtonsoft.Json.JsonConverter&#39;.
  Warn: ResolveReferenceLinksComponent2: [Methods.T:NodaTime.Serialization.JsonNet.NodaConverterBase`1] Unknown reference link target &#39;M:Newtonsoft.Json.JsonConverter.CanConvert(System.Type)&#39;.
  Warn: ResolveReferenceLinksComponent2: [Methods.T:NodaTime.Serialization.JsonNet.NodaConverterBase`1] Unknown reference link target &#39;M:Newtonsoft.Json.JsonConverter.GetSchema&#39;.
  Warn: ResolveReferenceLinksComponent2: [Methods.T:NodaTime.Serialization.JsonNet.NodaConverterBase`1] Unknown reference link target &#39;T:Newtonsoft.Json.JsonConverter&#39;.
  Warn: ResolveReferenceLinksComponent2: [Methods.T:NodaTime.Serialization.JsonNet.NodaConverterBase`1] Unknown reference link target &#39;M:Newtonsoft.Json.JsonConverter.ReadJson(Newtonsoft.Json.JsonReader,System.Type,System.Object,Newtonsoft.Json.JsonSerializer)&#39;.
  Warn: ResolveReferenceLinksComponent2: [Methods.T:NodaTime.Serialization.JsonNet.NodaConverterBase`1] Unknown reference link target &#39;M:Newtonsoft.Json.JsonConverter.WriteJson(Newtonsoft.Json.JsonWriter,System.Object,Newtonsoft.Json.JsonSerializer)&#39;.
  Warn: ResolveReferenceLinksComponent2: [Properties.T:NodaTime.Serialization.JsonNet.NodaConverterBase`1] Unknown reference link target &#39;P:Newtonsoft.Json.JsonConverter.CanRead&#39;.
  Warn: ResolveReferenceLinksComponent2: [Properties.T:NodaTime.Serialization.JsonNet.NodaConverterBase`1] Unknown reference link target &#39;T:Newtonsoft.Json.JsonConverter&#39;.
  Warn: ResolveReferenceLinksComponent2: [Properties.T:NodaTime.Serialization.JsonNet.NodaConverterBase`1] Unknown reference link target &#39;P:Newtonsoft.Json.JsonConverter.CanWrite&#39;.
  Warn: ResolveReferenceLinksComponent2: [Properties.T:NodaTime.Serialization.JsonNet.NodaConverterBase`1] Unknown reference link target &#39;T:Newtonsoft.Json.JsonConverter&#39;.
  Warn: ResolveReferenceLinksComponent2: [M:NodaTime.Serialization.JsonNet.NodaConverterBase`1.ReadJson(Newtonsoft.Json.JsonReader,System.Type,System.Object,Newtonsoft.Json.JsonSerializer)] Unknown reference link target &#39;T:Newtonsoft.Json.JsonReader&#39;.
  Warn: ResolveReferenceLinksComponent2: [M:NodaTime.Serialization.JsonNet.NodaConverterBase`1.ReadJson(Newtonsoft.Json.JsonReader,System.Type,System.Object,Newtonsoft.Json.JsonSerializer)] Unknown reference link target &#39;T:Newtonsoft.Json.JsonSerializer&#39;.
  Warn: ResolveReferenceLinksComponent2: [M:NodaTime.Serialization.JsonNet.NodaConverterBase`1.ReadJson(Newtonsoft.Json.JsonReader,System.Type,System.Object,Newtonsoft.Json.JsonSerializer)] Unknown reference link target &#39;T:Newtonsoft.Json.JsonReader&#39;.
  Warn: ResolveReferenceLinksComponent2: [M:NodaTime.Serialization.JsonNet.NodaConverterBase`1.ReadJson(Newtonsoft.Json.JsonReader,System.Type,System.Object,Newtonsoft.Json.JsonSerializer)] Unknown reference link target &#39;T:Newtonsoft.Json.JsonSerializer&#39;.
  Warn: ResolveReferenceLinksComponent2: [M:NodaTime.Serialization.JsonNet.NodaConverterBase`1.ReadJson(Newtonsoft.Json.JsonReader,System.Type,System.Object,Newtonsoft.Json.JsonSerializer)] Unknown reference link target &#39;T:Newtonsoft.Json.JsonReader&#39;.
  Warn: ResolveReferenceLinksComponent2: [M:NodaTime.Serialization.JsonNet.NodaConverterBase`1.ReadJson(Newtonsoft.Json.JsonReader,System.Type,System.Object,Newtonsoft.Json.JsonSerializer)] Unknown reference link target &#39;T:Newtonsoft.Json.JsonSerializer&#39;.
  Warn: ResolveReferenceLinksComponent2: [M:NodaTime.Serialization.JsonNet.NodaConverterBase`1.ReadJson(Newtonsoft.Json.JsonReader,System.Type,System.Object,Newtonsoft.Json.JsonSerializer)] Unknown reference link target &#39;T:Newtonsoft.Json.JsonReader&#39;.
  Warn: ResolveReferenceLinksComponent2: [M:NodaTime.Serialization.JsonNet.NodaConverterBase`1.ReadJson(Newtonsoft.Json.JsonReader,System.Type,System.Object,Newtonsoft.Json.JsonSerializer)] Unknown reference link target &#39;T:Newtonsoft.Json.JsonSerializer&#39;.
  Warn: ResolveReferenceLinksComponent2: [M:NodaTime.Serialization.JsonNet.NodaConverterBase`1.ReadJsonImpl(Newtonsoft.Json.JsonReader,Newtonsoft.Json.JsonSerializer)] Unknown reference link target &#39;T:Newtonsoft.Json.JsonReader&#39;.
  Warn: ResolveReferenceLinksComponent2: [M:NodaTime.Serialization.JsonNet.NodaConverterBase`1.ReadJsonImpl(Newtonsoft.Json.JsonReader,Newtonsoft.Json.JsonSerializer)] Unknown reference link target &#39;T:Newtonsoft.Json.JsonSerializer&#39;.
  Warn: ResolveReferenceLinksComponent2: [M:NodaTime.Serialization.JsonNet.NodaConverterBase`1.ReadJsonImpl(Newtonsoft.Json.JsonReader,Newtonsoft.Json.JsonSerializer)] Unknown reference link target &#39;T:Newtonsoft.Json.JsonReader&#39;.
  Warn: ResolveReferenceLinksComponent2: [M:NodaTime.Serialization.JsonNet.NodaConverterBase`1.ReadJsonImpl(Newtonsoft.Json.JsonReader,Newtonsoft.Json.JsonSerializer)] Unknown reference link target &#39;T:Newtonsoft.Json.JsonSerializer&#39;.
  Warn: ResolveReferenceLinksComponent2: [M:NodaTime.Serialization.JsonNet.NodaConverterBase`1.ReadJsonImpl(Newtonsoft.Json.JsonReader,Newtonsoft.Json.JsonSerializer)] Unknown reference link target &#39;T:Newtonsoft.Json.JsonReader&#39;.
  Warn: ResolveReferenceLinksComponent2: [M:NodaTime.Serialization.JsonNet.NodaConverterBase`1.ReadJsonImpl(Newtonsoft.Json.JsonReader,Newtonsoft.Json.JsonSerializer)] Unknown reference link target &#39;T:Newtonsoft.Json.JsonSerializer&#39;.
  Warn: ResolveReferenceLinksComponent2: [M:NodaTime.Serialization.JsonNet.NodaConverterBase`1.ReadJsonImpl(Newtonsoft.Json.JsonReader,Newtonsoft.Json.JsonSerializer)] Unknown reference link target &#39;T:Newtonsoft.Json.JsonReader&#39;.
  Warn: ResolveReferenceLinksComponent2: [M:NodaTime.Serialization.JsonNet.NodaConverterBase`1.ReadJsonImpl(Newtonsoft.Json.JsonReader,Newtonsoft.Json.JsonSerializer)] Unknown reference link target &#39;T:Newtonsoft.Json.JsonSerializer&#39;.
  Warn: ResolveReferenceLinksComponent2: [M:NodaTime.Serialization.JsonNet.NodaConverterBase`1.WriteJson(Newtonsoft.Json.JsonWriter,System.Object,Newtonsoft.Json.JsonSerializer)] Unknown reference link target &#39;T:Newtonsoft.Json.JsonWriter&#39;.
  Warn: ResolveReferenceLinksComponent2: [M:NodaTime.Serialization.JsonNet.NodaConverterBase`1.WriteJson(Newtonsoft.Json.JsonWriter,System.Object,Newtonsoft.Json.JsonSerializer)] Unknown reference link target &#39;T:Newtonsoft.Json.JsonSerializer&#39;.
  Warn: ResolveReferenceLinksComponent2: [M:NodaTime.Serialization.JsonNet.NodaConverterBase`1.WriteJson(Newtonsoft.Json.JsonWriter,System.Object,Newtonsoft.Json.JsonSerializer)] Unknown reference link target &#39;T:Newtonsoft.Json.JsonWriter&#39;.
  Warn: ResolveReferenceLinksComponent2: [M:NodaTime.Serialization.JsonNet.NodaConverterBase`1.WriteJson(Newtonsoft.Json.JsonWriter,System.Object,Newtonsoft.Json.JsonSerializer)] Unknown reference link target &#39;T:Newtonsoft.Json.JsonSerializer&#39;.
  Warn: ResolveReferenceLinksComponent2: [M:NodaTime.Serialization.JsonNet.NodaConverterBase`1.WriteJson(Newtonsoft.Json.JsonWriter,System.Object,Newtonsoft.Json.JsonSerializer)] Unknown reference link target &#39;T:Newtonsoft.Json.JsonWriter&#39;.
  Warn: ResolveReferenceLinksComponent2: [M:NodaTime.Serialization.JsonNet.NodaConverterBase`1.WriteJson(Newtonsoft.Json.JsonWriter,System.Object,Newtonsoft.Json.JsonSerializer)] Unknown reference link target &#39;T:Newtonsoft.Json.JsonSerializer&#39;.
  Warn: ResolveReferenceLinksComponent2: [M:NodaTime.Serialization.JsonNet.NodaConverterBase`1.WriteJson(Newtonsoft.Json.JsonWriter,System.Object,Newtonsoft.Json.JsonSerializer)] Unknown reference link target &#39;T:Newtonsoft.Json.JsonWriter&#39;.
  Warn: ResolveReferenceLinksComponent2: [M:NodaTime.Serialization.JsonNet.NodaConverterBase`1.WriteJson(Newtonsoft.Json.JsonWriter,System.Object,Newtonsoft.Json.JsonSerializer)] Unknown reference link target &#39;T:Newtonsoft.Json.JsonSerializer&#39;.
  Warn: ResolveReferenceLinksComponent2: [M:NodaTime.Serialization.JsonNet.NodaConverterBase`1.WriteJsonImpl(Newtonsoft.Json.JsonWriter,`0,Newtonsoft.Json.JsonSerializer)] Unknown reference link target &#39;T:Newtonsoft.Json.JsonWriter&#39;.
  Warn: ResolveReferenceLinksComponent2: [M:NodaTime.Serialization.JsonNet.NodaConverterBase`1.WriteJsonImpl(Newtonsoft.Json.JsonWriter,`0,Newtonsoft.Json.JsonSerializer)] Unknown reference link target &#39;T:Newtonsoft.Json.JsonSerializer&#39;.
  Warn: ResolveReferenceLinksComponent2: [M:NodaTime.Serialization.JsonNet.NodaConverterBase`1.WriteJsonImpl(Newtonsoft.Json.JsonWriter,`0,Newtonsoft.Json.JsonSerializer)] Unknown reference link target &#39;T:Newtonsoft.Json.JsonWriter&#39;.
  Warn: ResolveReferenceLinksComponent2: [M:NodaTime.Serialization.JsonNet.NodaConverterBase`1.WriteJsonImpl(Newtonsoft.Json.JsonWriter,`0,Newtonsoft.Json.JsonSerializer)] Unknown reference link target &#39;T:Newtonsoft.Json.JsonSerializer&#39;.
  Warn: ResolveReferenceLinksComponent2: [M:NodaTime.Serialization.JsonNet.NodaConverterBase`1.WriteJsonImpl(Newtonsoft.Json.JsonWriter,`0,Newtonsoft.Json.JsonSerializer)] Unknown reference link target &#39;T:Newtonsoft.Json.JsonWriter&#39;.
  Warn: ResolveReferenceLinksComponent2: [M:NodaTime.Serialization.JsonNet.NodaConverterBase`1.WriteJsonImpl(Newtonsoft.Json.JsonWriter,`0,Newtonsoft.Json.JsonSerializer)] Unknown reference link target &#39;T:Newtonsoft.Json.JsonSerializer&#39;.
  Warn: ResolveReferenceLinksComponent2: [M:NodaTime.Serialization.JsonNet.NodaConverterBase`1.WriteJsonImpl(Newtonsoft.Json.JsonWriter,`0,Newtonsoft.Json.JsonSerializer)] Unknown reference link target &#39;T:Newtonsoft.Json.JsonWriter&#39;.
  Warn: ResolveReferenceLinksComponent2: [M:NodaTime.Serialization.JsonNet.NodaConverterBase`1.WriteJsonImpl(Newtonsoft.Json.JsonWriter,`0,Newtonsoft.Json.JsonSerializer)] Unknown reference link target &#39;T:Newtonsoft.Json.JsonSerializer&#39;.
  Warn: ResolveReferenceLinksComponent2: [M:NodaTime.Serialization.JsonNet.NodaConverters.CreateDateTimeZoneConverter(NodaTime.IDateTimeZoneProvider)] Unknown reference link target &#39;T:Newtonsoft.Json.JsonConverter&#39;.
  Warn: ResolveReferenceLinksComponent2: [M:NodaTime.Serialization.JsonNet.NodaConverters.CreateDateTimeZoneConverter(NodaTime.IDateTimeZoneProvider)] Unknown reference link target &#39;T:Newtonsoft.Json.JsonConverter&#39;.
  Warn: ResolveReferenceLinksComponent2: [M:NodaTime.Serialization.JsonNet.NodaConverters.CreateDateTimeZoneConverter(NodaTime.IDateTimeZoneProvider)] Unknown reference link target &#39;T:Newtonsoft.Json.JsonConverter&#39;.
  Warn: ResolveReferenceLinksComponent2: [M:NodaTime.Serialization.JsonNet.NodaConverters.CreateDateTimeZoneConverter(NodaTime.IDateTimeZoneProvider)] Unknown reference link target &#39;T:Newtonsoft.Json.JsonConverter&#39;.
  Warn: ResolveReferenceLinksComponent2: [M:NodaTime.Serialization.JsonNet.NodaConverters.CreateZonedDateTimeConverter(NodaTime.IDateTimeZoneProvider)] Unknown reference link target &#39;T:Newtonsoft.Json.JsonConverter&#39;.
  Warn: ResolveReferenceLinksComponent2: [M:NodaTime.Serialization.JsonNet.NodaConverters.CreateZonedDateTimeConverter(NodaTime.IDateTimeZoneProvider)] Unknown reference link target &#39;T:Newtonsoft.Json.JsonConverter&#39;.
  Warn: ResolveReferenceLinksComponent2: [M:NodaTime.Serialization.JsonNet.NodaConverters.CreateZonedDateTimeConverter(NodaTime.IDateTimeZoneProvider)] Unknown reference link target &#39;T:Newtonsoft.Json.JsonConverter&#39;.
  Warn: ResolveReferenceLinksComponent2: [M:NodaTime.Serialization.JsonNet.NodaConverters.CreateZonedDateTimeConverter(NodaTime.IDateTimeZoneProvider)] Unknown reference link target &#39;T:Newtonsoft.Json.JsonConverter&#39;.
  Warn: ResolveReferenceLinksComponent2: [F:NodaTime.Serialization.JsonNet.NodaConverters.DurationConverter] Unknown reference link target &#39;T:Newtonsoft.Json.JsonConverter&#39;.
  Warn: ResolveReferenceLinksComponent2: [F:NodaTime.Serialization.JsonNet.NodaConverters.DurationConverter] Unknown reference link target &#39;T:Newtonsoft.Json.JsonConverter&#39;.
  Warn: ResolveReferenceLinksComponent2: [F:NodaTime.Serialization.JsonNet.NodaConverters.DurationConverter] Unknown reference link target &#39;T:Newtonsoft.Json.JsonConverter&#39;.
  Warn: ResolveReferenceLinksComponent2: [F:NodaTime.Serialization.JsonNet.NodaConverters.DurationConverter] Unknown reference link target &#39;T:Newtonsoft.Json.JsonConverter&#39;.
  Warn: ResolveReferenceLinksComponent2: [F:NodaTime.Serialization.JsonNet.NodaConverters.InstantConverter] Unknown reference link target &#39;T:Newtonsoft.Json.JsonConverter&#39;.
  Warn: ResolveReferenceLinksComponent2: [F:NodaTime.Serialization.JsonNet.NodaConverters.InstantConverter] Unknown reference link target &#39;T:Newtonsoft.Json.JsonConverter&#39;.
  Warn: ResolveReferenceLinksComponent2: [F:NodaTime.Serialization.JsonNet.NodaConverters.InstantConverter] Unknown reference link target &#39;T:Newtonsoft.Json.JsonConverter&#39;.
  Warn: ResolveReferenceLinksComponent2: [F:NodaTime.Serialization.JsonNet.NodaConverters.InstantConverter] Unknown reference link target &#39;T:Newtonsoft.Json.JsonConverter&#39;.
  Warn: ResolveReferenceLinksComponent2: [F:NodaTime.Serialization.JsonNet.NodaConverters.IntervalConverter] Unknown reference link target &#39;T:Newtonsoft.Json.JsonConverter&#39;.
  Warn: ResolveReferenceLinksComponent2: [F:NodaTime.Serialization.JsonNet.NodaConverters.IntervalConverter] Unknown reference link target &#39;T:Newtonsoft.Json.JsonConverter&#39;.
  Warn: ResolveReferenceLinksComponent2: [F:NodaTime.Serialization.JsonNet.NodaConverters.IntervalConverter] Unknown reference link target &#39;T:Newtonsoft.Json.JsonConverter&#39;.
  Warn: ResolveReferenceLinksComponent2: [F:NodaTime.Serialization.JsonNet.NodaConverters.IntervalConverter] Unknown reference link target &#39;T:Newtonsoft.Json.JsonConverter&#39;.
  Warn: ResolveReferenceLinksComponent2: [F:NodaTime.Serialization.JsonNet.NodaConverters.IsoIntervalConverter] Unknown reference link target &#39;T:Newtonsoft.Json.JsonConverter&#39;.
  Warn: ResolveReferenceLinksComponent2: [F:NodaTime.Serialization.JsonNet.NodaConverters.IsoIntervalConverter] Unknown reference link target &#39;T:Newtonsoft.Json.JsonConverter&#39;.
  Warn: ResolveReferenceLinksComponent2: [F:NodaTime.Serialization.JsonNet.NodaConverters.IsoIntervalConverter] Unknown reference link target &#39;T:Newtonsoft.Json.JsonConverter&#39;.
  Warn: ResolveReferenceLinksComponent2: [F:NodaTime.Serialization.JsonNet.NodaConverters.IsoIntervalConverter] Unknown reference link target &#39;T:Newtonsoft.Json.JsonConverter&#39;.
  Warn: ResolveReferenceLinksComponent2: [F:NodaTime.Serialization.JsonNet.NodaConverters.LocalDateConverter] Unknown reference link target &#39;T:Newtonsoft.Json.JsonConverter&#39;.
  Warn: ResolveReferenceLinksComponent2: [F:NodaTime.Serialization.JsonNet.NodaConverters.LocalDateConverter] Unknown reference link target &#39;T:Newtonsoft.Json.JsonConverter&#39;.
  Warn: ResolveReferenceLinksComponent2: [F:NodaTime.Serialization.JsonNet.NodaConverters.LocalDateConverter] Unknown reference link target &#39;T:Newtonsoft.Json.JsonConverter&#39;.
  Warn: ResolveReferenceLinksComponent2: [F:NodaTime.Serialization.JsonNet.NodaConverters.LocalDateConverter] Unknown reference link target &#39;T:Newtonsoft.Json.JsonConverter&#39;.
  Warn: ResolveReferenceLinksComponent2: [F:NodaTime.Serialization.JsonNet.NodaConverters.LocalDateTimeConverter] Unknown reference link target &#39;T:Newtonsoft.Json.JsonConverter&#39;.
  Warn: ResolveReferenceLinksComponent2: [F:NodaTime.Serialization.JsonNet.NodaConverters.LocalDateTimeConverter] Unknown reference link target &#39;T:Newtonsoft.Json.JsonConverter&#39;.
  Warn: ResolveReferenceLinksComponent2: [F:NodaTime.Serialization.JsonNet.NodaConverters.LocalDateTimeConverter] Unknown reference link target &#39;T:Newtonsoft.Json.JsonConverter&#39;.
  Warn: ResolveReferenceLinksComponent2: [F:NodaTime.Serialization.JsonNet.NodaConverters.LocalDateTimeConverter] Unknown reference link target &#39;T:Newtonsoft.Json.JsonConverter&#39;.
  Warn: ResolveReferenceLinksComponent2: [F:NodaTime.Serialization.JsonNet.NodaConverters.LocalTimeConverter] Unknown reference link target &#39;T:Newtonsoft.Json.JsonConverter&#39;.
  Warn: ResolveReferenceLinksComponent2: [F:NodaTime.Serialization.JsonNet.NodaConverters.LocalTimeConverter] Unknown reference link target &#39;T:Newtonsoft.Json.JsonConverter&#39;.
  Warn: ResolveReferenceLinksComponent2: [F:NodaTime.Serialization.JsonNet.NodaConverters.LocalTimeConverter] Unknown reference link target &#39;T:Newtonsoft.Json.JsonConverter&#39;.
  Warn: ResolveReferenceLinksComponent2: [F:NodaTime.Serialization.JsonNet.NodaConverters.LocalTimeConverter] Unknown reference link target &#39;T:Newtonsoft.Json.JsonConverter&#39;.
  Warn: ResolveReferenceLinksComponent2: [F:NodaTime.Serialization.JsonNet.NodaConverters.NormalizingIsoPeriodConverter] Unknown reference link target &#39;T:Newtonsoft.Json.JsonConverter&#39;.
  Warn: ResolveReferenceLinksComponent2: [F:NodaTime.Serialization.JsonNet.NodaConverters.NormalizingIsoPeriodConverter] Unknown reference link target &#39;T:Newtonsoft.Json.JsonConverter&#39;.
  Warn: ResolveReferenceLinksComponent2: [F:NodaTime.Serialization.JsonNet.NodaConverters.NormalizingIsoPeriodConverter] Unknown reference link target &#39;T:Newtonsoft.Json.JsonConverter&#39;.
  Warn: ResolveReferenceLinksComponent2: [F:NodaTime.Serialization.JsonNet.NodaConverters.NormalizingIsoPeriodConverter] Unknown reference link target &#39;T:Newtonsoft.Json.JsonConverter&#39;.
  Warn: ResolveReferenceLinksComponent2: [F:NodaTime.Serialization.JsonNet.NodaConverters.OffsetConverter] Unknown reference link target &#39;T:Newtonsoft.Json.JsonConverter&#39;.
  Warn: ResolveReferenceLinksComponent2: [F:NodaTime.Serialization.JsonNet.NodaConverters.OffsetConverter] Unknown reference link target &#39;T:Newtonsoft.Json.JsonConverter&#39;.
  Warn: ResolveReferenceLinksComponent2: [F:NodaTime.Serialization.JsonNet.NodaConverters.OffsetConverter] Unknown reference link target &#39;T:Newtonsoft.Json.JsonConverter&#39;.
  Warn: ResolveReferenceLinksComponent2: [F:NodaTime.Serialization.JsonNet.NodaConverters.OffsetConverter] Unknown reference link target &#39;T:Newtonsoft.Json.JsonConverter&#39;.
  Warn: ResolveReferenceLinksComponent2: [F:NodaTime.Serialization.JsonNet.NodaConverters.OffsetDateTimeConverter] Unknown reference link target &#39;T:Newtonsoft.Json.JsonConverter&#39;.
  Warn: ResolveReferenceLinksComponent2: [F:NodaTime.Serialization.JsonNet.NodaConverters.OffsetDateTimeConverter] Unknown reference link target &#39;T:Newtonsoft.Json.JsonConverter&#39;.
  Warn: ResolveReferenceLinksComponent2: [F:NodaTime.Serialization.JsonNet.NodaConverters.OffsetDateTimeConverter] Unknown reference link target &#39;T:Newtonsoft.Json.JsonConverter&#39;.
  Warn: ResolveReferenceLinksComponent2: [F:NodaTime.Serialization.JsonNet.NodaConverters.OffsetDateTimeConverter] Unknown reference link target &#39;T:Newtonsoft.Json.JsonConverter&#39;.
  Warn: ResolveReferenceLinksComponent2: [F:NodaTime.Serialization.JsonNet.NodaConverters.RoundtripPeriodConverter] Unknown reference link target &#39;T:Newtonsoft.Json.JsonConverter&#39;.
  Warn: ResolveReferenceLinksComponent2: [F:NodaTime.Serialization.JsonNet.NodaConverters.RoundtripPeriodConverter] Unknown reference link target &#39;T:Newtonsoft.Json.JsonConverter&#39;.
  Warn: ResolveReferenceLinksComponent2: [F:NodaTime.Serialization.JsonNet.NodaConverters.RoundtripPeriodConverter] Unknown reference link target &#39;T:Newtonsoft.Json.JsonConverter&#39;.
  Warn: ResolveReferenceLinksComponent2: [F:NodaTime.Serialization.JsonNet.NodaConverters.RoundtripPeriodConverter] Unknown reference link target &#39;T:Newtonsoft.Json.JsonConverter&#39;.
  Warn: ResolveReferenceLinksComponent2: [T:NodaTime.Serialization.JsonNet.NodaPatternConverter`1] Unknown reference link target &#39;T:Newtonsoft.Json.JsonConverter&#39;.
  Warn: ResolveReferenceLinksComponent2: [AllMembers.T:NodaTime.Serialization.JsonNet.NodaPatternConverter`1] Unknown reference link target &#39;M:Newtonsoft.Json.JsonConverter.GetSchema&#39;.
  Warn: ResolveReferenceLinksComponent2: [AllMembers.T:NodaTime.Serialization.JsonNet.NodaPatternConverter`1] Unknown reference link target &#39;T:Newtonsoft.Json.JsonConverter&#39;.
  Warn: ResolveReferenceLinksComponent2: [AllMembers.T:NodaTime.Serialization.JsonNet.NodaPatternConverter`1] Unknown reference link target &#39;P:Newtonsoft.Json.JsonConverter.CanRead&#39;.
  Warn: ResolveReferenceLinksComponent2: [AllMembers.T:NodaTime.Serialization.JsonNet.NodaPatternConverter`1] Unknown reference link target &#39;T:Newtonsoft.Json.JsonConverter&#39;.
  Warn: ResolveReferenceLinksComponent2: [AllMembers.T:NodaTime.Serialization.JsonNet.NodaPatternConverter`1] Unknown reference link target &#39;P:Newtonsoft.Json.JsonConverter.CanWrite&#39;.
  Warn: ResolveReferenceLinksComponent2: [AllMembers.T:NodaTime.Serialization.JsonNet.NodaPatternConverter`1] Unknown reference link target &#39;T:Newtonsoft.Json.JsonConverter&#39;.
  Warn: ResolveReferenceLinksComponent2: [Methods.T:NodaTime.Serialization.JsonNet.NodaPatternConverter`1] Unknown reference link target &#39;M:Newtonsoft.Json.JsonConverter.GetSchema&#39;.
  Warn: ResolveReferenceLinksComponent2: [Methods.T:NodaTime.Serialization.JsonNet.NodaPatternConverter`1] Unknown reference link target &#39;T:Newtonsoft.Json.JsonConverter&#39;.
  Warn: ResolveReferenceLinksComponent2: [Properties.T:NodaTime.Serialization.JsonNet.NodaPatternConverter`1] Unknown reference link target &#39;P:Newtonsoft.Json.JsonConverter.CanRead&#39;.
  Warn: ResolveReferenceLinksComponent2: [Properties.T:NodaTime.Serialization.JsonNet.NodaPatternConverter`1] Unknown reference link target &#39;T:Newtonsoft.Json.JsonConverter&#39;.
  Warn: ResolveReferenceLinksComponent2: [Properties.T:NodaTime.Serialization.JsonNet.NodaPatternConverter`1] Unknown reference link target &#39;P:Newtonsoft.Json.JsonConverter.CanWrite&#39;.
  Warn: ResolveReferenceLinksComponent2: [Properties.T:NodaTime.Serialization.JsonNet.NodaPatternConverter`1] Unknown reference link target &#39;T:Newtonsoft.Json.JsonConverter&#39;.
  Warn: ResolveReferenceLinksComponent2: [M:NodaTime.Serialization.JsonNet.NodaPatternConverter`1.ReadJsonImpl(Newtonsoft.Json.JsonReader,Newtonsoft.Json.JsonSerializer)] Unknown reference link target &#39;T:Newtonsoft.Json.JsonReader&#39;.
  Warn: ResolveReferenceLinksComponent2: [M:NodaTime.Serialization.JsonNet.NodaPatternConverter`1.ReadJsonImpl(Newtonsoft.Json.JsonReader,Newtonsoft.Json.JsonSerializer)] Unknown reference link target &#39;T:Newtonsoft.Json.JsonSerializer&#39;.
  Warn: ResolveReferenceLinksComponent2: [M:NodaTime.Serialization.JsonNet.NodaPatternConverter`1.ReadJsonImpl(Newtonsoft.Json.JsonReader,Newtonsoft.Json.JsonSerializer)] Unknown reference link target &#39;T:Newtonsoft.Json.JsonReader&#39;.
  Warn: ResolveReferenceLinksComponent2: [M:NodaTime.Serialization.JsonNet.NodaPatternConverter`1.ReadJsonImpl(Newtonsoft.Json.JsonReader,Newtonsoft.Json.JsonSerializer)] Unknown reference link target &#39;T:Newtonsoft.Json.JsonSerializer&#39;.
  Warn: ResolveReferenceLinksComponent2: [M:NodaTime.Serialization.JsonNet.NodaPatternConverter`1.ReadJsonImpl(Newtonsoft.Json.JsonReader,Newtonsoft.Json.JsonSerializer)] Unknown reference link target &#39;T:Newtonsoft.Json.JsonReader&#39;.
  Warn: ResolveReferenceLinksComponent2: [M:NodaTime.Serialization.JsonNet.NodaPatternConverter`1.ReadJsonImpl(Newtonsoft.Json.JsonReader,Newtonsoft.Json.JsonSerializer)] Unknown reference link target &#39;T:Newtonsoft.Json.JsonSerializer&#39;.
  Warn: ResolveReferenceLinksComponent2: [M:NodaTime.Serialization.JsonNet.NodaPatternConverter`1.ReadJsonImpl(Newtonsoft.Json.JsonReader,Newtonsoft.Json.JsonSerializer)] Unknown reference link target &#39;T:Newtonsoft.Json.JsonReader&#39;.
  Warn: ResolveReferenceLinksComponent2: [M:NodaTime.Serialization.JsonNet.NodaPatternConverter`1.ReadJsonImpl(Newtonsoft.Json.JsonReader,Newtonsoft.Json.JsonSerializer)] Unknown reference link target &#39;T:Newtonsoft.Json.JsonSerializer&#39;.
  Warn: ResolveReferenceLinksComponent2: [M:NodaTime.Serialization.JsonNet.NodaPatternConverter`1.WriteJsonImpl(Newtonsoft.Json.JsonWriter,`0,Newtonsoft.Json.JsonSerializer)] Unknown reference link target &#39;T:Newtonsoft.Json.JsonWriter&#39;.
  Warn: ResolveReferenceLinksComponent2: [M:NodaTime.Serialization.JsonNet.NodaPatternConverter`1.WriteJsonImpl(Newtonsoft.Json.JsonWriter,`0,Newtonsoft.Json.JsonSerializer)] Unknown reference link target &#39;T:Newtonsoft.Json.JsonSerializer&#39;.
  Warn: ResolveReferenceLinksComponent2: [M:NodaTime.Serialization.JsonNet.NodaPatternConverter`1.WriteJsonImpl(Newtonsoft.Json.JsonWriter,`0,Newtonsoft.Json.JsonSerializer)] Unknown reference link target &#39;T:Newtonsoft.Json.JsonWriter&#39;.
  Warn: ResolveReferenceLinksComponent2: [M:NodaTime.Serialization.JsonNet.NodaPatternConverter`1.WriteJsonImpl(Newtonsoft.Json.JsonWriter,`0,Newtonsoft.Json.JsonSerializer)] Unknown reference link target &#39;T:Newtonsoft.Json.JsonSerializer&#39;.
  Warn: ResolveReferenceLinksComponent2: [M:NodaTime.Serialization.JsonNet.NodaPatternConverter`1.WriteJsonImpl(Newtonsoft.Json.JsonWriter,`0,Newtonsoft.Json.JsonSerializer)] Unknown reference link target &#39;T:Newtonsoft.Json.JsonWriter&#39;.
  Warn: ResolveReferenceLinksComponent2: [M:NodaTime.Serialization.JsonNet.NodaPatternConverter`1.WriteJsonImpl(Newtonsoft.Json.JsonWriter,`0,Newtonsoft.Json.JsonSerializer)] Unknown reference link target &#39;T:Newtonsoft.Json.JsonSerializer&#39;.
  Warn: ResolveReferenceLinksComponent2: [M:NodaTime.Serialization.JsonNet.NodaPatternConverter`1.WriteJsonImpl(Newtonsoft.Json.JsonWriter,`0,Newtonsoft.Json.JsonSerializer)] Unknown reference link target &#39;T:Newtonsoft.Json.JsonWriter&#39;.
  Warn: ResolveReferenceLinksComponent2: [M:NodaTime.Serialization.JsonNet.NodaPatternConverter`1.WriteJsonImpl(Newtonsoft.Json.JsonWriter,`0,Newtonsoft.Json.JsonSerializer)] Unknown reference link target &#39;T:Newtonsoft.Json.JsonSerializer&#39;.
  Info: Processed 1117 topic(s)
  Info: 174 warning(s)
  Diagnostic: CopyFromIndexComponent: &quot;reflection&quot; in-memory cache entries used: 12 of 15.
  Diagnostic: CopyFromIndexComponent: &quot;comments&quot; in-memory cache entries used: 4 of 30.
    Last step completed in 00:00:42.7566
</buildStep>
<buildStep step="CombiningIntermediateTocFiles">
Combining conceptual and API intermediate TOC files...

Clearing any prior web output
    Last step completed in 00:00:01.4308
</buildStep>
<buildStep step="ExtractingHtmlInfo">
Extracting HTML info for HTML Help 1 and/or website...
[C:\Program Files (x86)\MSBuild\12.0\bin\MSBuild.exe]
Sandcastle Help File Builder, version 1.9.7.0
Copyright &#169; 2006-2013, Eric Woodruff, All Rights Reserved
E-Mail: Eric@EWoodruff.us

Using LCID &#39;1033&#39;, code page &#39;65001&#39;, encoding charset &#39;UTF-8&#39;.

Processing website files in c:\Users\Jon\Test\Projects\NodaTime-1.3.1\docs\api\Working\Output\Website
Processed 1117 HTML files
Sorting keywords and generating See Also indices
Saving website keyword index to c:\Users\Jon\Test\Projects\NodaTime-1.3.1\docs\api\Working\WebKI.xml
Saving website table of contents to c:\Users\Jon\Test\Projects\NodaTime-1.3.1\docs\api\Working\WebTOC.xml
    Last step completed in 00:00:06.0814
</buildStep>
<buildStep step="GenerateHelpFormatTableOfContents">
Generating website table of contents file...
    Last step completed in 00:00:00.0000
</buildStep>
<buildStep step="GenerateFullTextIndex">
Generating full-text index for the website...

    Last step completed in 00:00:04.6818
</buildStep>
<buildStep step="CopyingWebsiteFiles">
Copying website files to output folder...

Copied 100 files
Copied 200 files
Copied 300 files
Copied 400 files
Copied 500 files
Copied 600 files
Copied 700 files
Copied 800 files
Copied 900 files
Copied 1000 files
Copied 1100 files
Copied 1200 files
Copied 1216 files for the website content
    Last step completed in 00:00:03.8321
</buildStep>
<buildStep step="CleanIntermediates">
Removing intermediate files...
    Last step completed in 00:00:01.3788
</buildStep>
<buildStep step="Completed">

Build completed successfully at 03/06/2015 02:12 PM.  Total time: 00:01:08.1098

</buildStep>
</shfbBuild>
